<?xml version="1.0" encoding="UTF-8"?>
<testsuite name="com.baeldung.serenity.MemberStatusIntegrationTest" time="0.097" tests="6" errors="0" skipped="2" failures="0">
  <properties>
    <property name="java.runtime.name" value="OpenJDK Runtime Environment"/>
    <property name="java.vm.version" value="11.0.4+11-post-Ubuntu-1ubuntu218.04.3"/>
    <property name="sun.boot.library.path" value="/usr/lib/jvm/java-11-openjdk-amd64/lib"/>
    <property name="maven.multiModuleProjectDirectory" value="/home/highnewb/Cours/Mod_Env/tutorials/libraries-testing"/>
    <property name="java.vm.vendor" value="Ubuntu"/>
    <property name="java.vendor.url" value="https://ubuntu.com/"/>
    <property name="guice.disable.misplaced.annotation.check" value="true"/>
    <property name="path.separator" value=":"/>
    <property name="java.vm.name" value="OpenJDK 64-Bit Server VM"/>
    <property name="sun.os.patch.level" value="unknown"/>
    <property name="user.country" value="FR"/>
    <property name="sun.java.launcher" value="SUN_STANDARD"/>
    <property name="java.vm.specification.name" value="Java Virtual Machine Specification"/>
    <property name="user.dir" value="/home/highnewb/Cours/Mod_Env/tutorials/libraries-testing"/>
    <property name="java.vm.compressedOopsMode" value="32-bit"/>
    <property name="java.runtime.version" value="11.0.4+11-post-Ubuntu-1ubuntu218.04.3"/>
    <property name="java.awt.graphicsenv" value="sun.awt.X11GraphicsEnvironment"/>
    <property name="os.arch" value="amd64"/>
    <property name="java.io.tmpdir" value="/tmp"/>
    <property name="line.separator" value="&#10;"/>
    <property name="java.vm.specification.vendor" value="Oracle Corporation"/>
    <property name="os.name" value="Linux"/>
    <property name="classworlds.conf" value="/usr/share/maven/bin/m2.conf"/>
    <property name="sun.jnu.encoding" value="UTF-8"/>
    <property name="java.library.path" value="/usr/java/packages/lib:/usr/lib/x86_64-linux-gnu/jni:/lib/x86_64-linux-gnu:/usr/lib/x86_64-linux-gnu:/usr/lib/jni:/lib:/usr/lib"/>
    <property name="jdk.debug" value="release"/>
    <property name="java.class.version" value="55.0"/>
    <property name="java.specification.name" value="Java Platform API Specification"/>
    <property name="sun.management.compiler" value="HotSpot 64-Bit Tiered Compilers"/>
    <property name="os.version" value="4.18.0-15-generic"/>
    <property name="user.home" value="/home/highnewb"/>
    <property name="user.timezone" value="Europe/Paris"/>
    <property name="java.awt.printerjob" value="sun.print.PSPrinterJob"/>
    <property name="file.encoding" value="UTF-8"/>
    <property name="java.specification.version" value="11"/>
    <property name="user.name" value="highnewb"/>
    <property name="java.class.path" value="/usr/share/maven/boot/plexus-classworlds-2.x.jar"/>
    <property name="java.vm.specification.version" value="11"/>
    <property name="sun.arch.data.model" value="64"/>
    <property name="sun.java.command" value="org.codehaus.plexus.classworlds.launcher.Launcher clean package"/>
    <property name="java.home" value="/usr/lib/jvm/java-11-openjdk-amd64"/>
    <property name="user.language" value="fr"/>
    <property name="java.specification.vendor" value="Oracle Corporation"/>
    <property name="awt.toolkit" value="sun.awt.X11.XToolkit"/>
    <property name="java.vm.info" value="mixed mode, sharing"/>
    <property name="java.version" value="11.0.4"/>
    <property name="securerandom.source" value="file:/dev/./urandom"/>
    <property name="java.vendor" value="Ubuntu"/>
    <property name="maven.home" value="/usr/share/maven"/>
    <property name="file.separator" value="/"/>
    <property name="java.version.date" value="2019-07-16"/>
    <property name="java.vendor.url.bug" value="https://bugs.launchpad.net/ubuntu/+source/openjdk-lts"/>
    <property name="sun.io.unicode.encoding" value="UnicodeLittle"/>
    <property name="sun.cpu.endian" value="little"/>
    <property name="sun.cpu.isalist" value=""/>
  </properties>
  <testcase name="membersShouldStartWithBronzeStatus" classname="com.baeldung.serenity.MemberStatusIntegrationTest" time="0.054"/>
  <testcase name="memberWith500PointsEarnsGoldAfterSpends$40000" classname="com.baeldung.serenity.MemberStatusIntegrationTest" time="0">
    <skipped/>
    <system-out><![CDATA[15:46:21.659 [main] INFO net.serenitybdd.core.Serenity - 
        __    _____ _____ ____ _____   ____   _    ____  ____  _____ ____  
  _     \ \  |_   _| ____/ ___|_   _| |  _ \ / \  / ___|/ ___|| ____|  _ \ 
 (_)_____| |   | | |  _| \___ \ | |   | |_) / _ \ \___ \\___ \|  _| | | | |
  _|_____| |   | | | |___ ___) || |   |  __/ ___ \ ___) |___) | |___| |_| |
 (_)     | |   |_| |_____|____/ |_|   |_| /_/   \_\____/|____/|_____|____/ 
        /_/                                                                

TEST PASSED: Members should start with bronze status
----------------------------------------------------------------------------
15:46:21.661 [main] INFO net.serenitybdd.core.Serenity - 
 _____ _____ ____ _____   ____ _____  _    ____ _____ _____ ____  
|_   _| ____/ ___|_   _| / ___|_   _|/ \  |  _ \_   _| ____|  _ \ 
  | | |  _| \___ \ | |   \___ \ | | / _ \ | |_) || | |  _| | | | |
  | | | |___ ___) || |    ___) || |/ ___ \|  _ < | | | |___| |_| |
  |_| |_____|____/ |_|   |____/ |_/_/   \_\_| \_\|_| |_____|____/ 
                                                                  

TEST STARTED: memberWith500PointsEarnsGoldAfterSpends$40000
-------------------------------------------------------------------
15:46:21.662 [main] INFO net.serenitybdd.core.Serenity - TEST NUMBER: 3
15:46:21.663 [main] INFO net.serenitybdd.core.Serenity - TEST IGNORED
15:46:21.666 [main] INFO net.serenitybdd.core.Serenity - 
            __  _____ _____ ____ _____   ____  _  _____ ____  ____  _____ ____  
  _        / / |_   _| ____/ ___|_   _| / ___|| |/ /_ _|  _ \|  _ \| ____|  _ \ 
 (_)_____ / /    | | |  _| \___ \ | |   \___ \| ' / | || |_) | |_) |  _| | | | |
  _|_____/ /     | | | |___ ___) || |    ___) | . \ | ||  __/|  __/| |___| |_| |
 (_)    /_/      |_| |_____|____/ |_|   |____/|_|\_\___|_|   |_|   |_____|____/ 
                                                                                

TEST SKIPPED: Members with 500 points should have a Gold status when added 4,000 points ($40,000)
---------------------------------------------------------------------------------
]]></system-out>
  </testcase>
  <testcase name="memberWith100EarnsGoldAfterSpends$100000" classname="com.baeldung.serenity.MemberStatusIntegrationTest" time="0">
    <skipped/>
    <system-out><![CDATA[15:46:21.669 [main] INFO net.serenitybdd.core.Serenity - 
 _____ _____ ____ _____   ____ _____  _    ____ _____ _____ ____  
|_   _| ____/ ___|_   _| / ___|_   _|/ \  |  _ \_   _| ____|  _ \ 
  | | |  _| \___ \ | |   \___ \ | | / _ \ | |_) || | |  _| | | | |
  | | | |___ ___) || |    ___) || |/ ___ \|  _ < | | | |___| |_| |
  |_| |_____|____/ |_|   |____/ |_/_/   \_\_| \_\|_| |_____|____/ 
                                                                  

TEST STARTED: memberWith100EarnsGoldAfterSpends$100000
-------------------------------------------------------------------
15:46:21.669 [main] INFO net.serenitybdd.core.Serenity - TEST NUMBER: 4
15:46:21.670 [main] INFO net.serenitybdd.core.Serenity - TEST IGNORED
15:46:21.672 [main] INFO net.serenitybdd.core.Serenity - 
            __  _____ _____ ____ _____   ____  _  _____ ____  ____  _____ ____  
  _        / / |_   _| ____/ ___|_   _| / ___|| |/ /_ _|  _ \|  _ \| ____|  _ \ 
 (_)_____ / /    | | |  _| \___ \ | |   \___ \| ' / | || |_) | |_) |  _| | | | |
  _|_____/ /     | | | |___ ___) || |    ___) | . \ | ||  __/|  __/| |___| |_| |
 (_)    /_/      |_| |_____|____/ |_|   |____/|_|\_\___|_|   |_|   |_____|____/ 
                                                                                

TEST SKIPPED: Members with 100 points would have a Gold status when added 10,000 points ($100,000)
---------------------------------------------------------------------------------
]]></system-out>
  </testcase>
  <testcase name="earnsSilverAfterSpends$10000" classname="com.baeldung.serenity.MemberStatusIntegrationTest" time="0.011"/>
  <testcase name="memberWith2000PointsEarnsGoldAfterSpends$30000" classname="com.baeldung.serenity.MemberStatusIntegrationTest" time="0.013"/>
  <testcase name="memberWith50000PointsCanExchangeAMacbookpro" classname="com.baeldung.serenity.MemberStatusIntegrationTest" time="0.019"/>
</testsuite>