<?xml version="1.0" encoding="UTF-8"?>
<testsuite xmlns:xsi="http://www.w3.org/2001/XMLSchema-instance" xsi:noNamespaceSchemaLocation="https://maven.apache.org/surefire/maven-surefire-plugin/xsd/surefire-test-report.xsd" name="com.baeldung.hamcrest.HamcrestMatcherUnitTest" time="0.591" tests="42" errors="0" skipped="0" failures="0">
  <properties>
    <property name="awt.toolkit" value="sun.awt.X11.XToolkit"/>
    <property name="java.specification.version" value="11"/>
    <property name="sun.cpu.isalist" value=""/>
    <property name="sun.jnu.encoding" value="UTF-8"/>
    <property name="java.class.path" value="/home/highnewb/Cours/Mod_Env/tutorials/libraries-testing/target/test-classes:/home/highnewb/Cours/Mod_Env/tutorials/libraries-testing/target/classes:/home/highnewb/.m2/repository/net/serenity-bdd/serenity-core/1.9.9/serenity-core-1.9.9.jar:/home/highnewb/.m2/repository/com/google/guava/guava/23.6-jre/guava-23.6-jre.jar:/home/highnewb/.m2/repository/com/google/code/findbugs/jsr305/1.3.9/jsr305-1.3.9.jar:/home/highnewb/.m2/repository/org/checkerframework/checker-compat-qual/2.0.0/checker-compat-qual-2.0.0.jar:/home/highnewb/.m2/repository/com/google/errorprone/error_prone_annotations/2.1.3/error_prone_annotations-2.1.3.jar:/home/highnewb/.m2/repository/com/google/j2objc/j2objc-annotations/1.1/j2objc-annotations-1.1.jar:/home/highnewb/.m2/repository/org/codehaus/mojo/animal-sniffer-annotations/1.14/animal-sniffer-annotations-1.14.jar:/home/highnewb/.m2/repository/com/google/inject/guice/4.1.0/guice-4.1.0.jar:/home/highnewb/.m2/repository/javax/inject/javax.inject/1/javax.inject-1.jar:/home/highnewb/.m2/repository/aopalliance/aopalliance/1.0/aopalliance-1.0.jar:/home/highnewb/.m2/repository/cglib/cglib/3.2.5/cglib-3.2.5.jar:/home/highnewb/.m2/repository/org/apache/ant/ant/1.9.6/ant-1.9.6.jar:/home/highnewb/.m2/repository/org/apache/ant/ant-launcher/1.9.6/ant-launcher-1.9.6.jar:/home/highnewb/.m2/repository/org/ow2/asm/asm/5.0.3/asm-5.0.3.jar:/home/highnewb/.m2/repository/commons-codec/commons-codec/1.10/commons-codec-1.10.jar:/home/highnewb/.m2/repository/org/objenesis/objenesis/2.6/objenesis-2.6.jar:/home/highnewb/.m2/repository/xml-apis/xml-apis/1.4.01/xml-apis-1.4.01.jar:/home/highnewb/.m2/repository/io/cucumber/cucumber-core/2.3.0/cucumber-core-2.3.0.jar:/home/highnewb/.m2/repository/info/cukes/cucumber-html/0.2.6/cucumber-html-0.2.6.jar:/home/highnewb/.m2/repository/io/cucumber/cucumber-jvm-deps/1.0.6/cucumber-jvm-deps-1.0.6.jar:/home/highnewb/.m2/repository/io/cucumber/gherkin/5.0.0/gherkin-5.0.0.jar:/home/highnewb/.m2/repository/io/cucumber/tag-expressions/1.1.1/tag-expressions-1.1.1.jar:/home/highnewb/.m2/repository/commons-logging/commons-logging/1.2/commons-logging-1.2.jar:/home/highnewb/.m2/repository/net/bytebuddy/byte-buddy/1.7.9/byte-buddy-1.7.9.jar:/home/highnewb/.m2/repository/io/vavr/vavr/0.9.0/vavr-0.9.0.jar:/home/highnewb/.m2/repository/io/vavr/vavr-match/0.9.0/vavr-match-0.9.0.jar:/home/highnewb/.m2/repository/net/serenity-bdd/serenity-report-resources/1.9.9/serenity-report-resources-1.9.9.jar:/home/highnewb/.m2/repository/com/google/code/gson/gson/2.8.2/gson-2.8.2.jar:/home/highnewb/.m2/repository/commons-io/commons-io/2.6/commons-io-2.6.jar:/home/highnewb/.m2/repository/com/opera/operadriver/1.5/operadriver-1.5.jar:/home/highnewb/.m2/repository/com/opera/operalaunchers/1.1/operalaunchers-1.1.jar:/home/highnewb/.m2/repository/com/google/protobuf/protobuf-java/2.4.1/protobuf-java-2.4.1.jar:/home/highnewb/.m2/repository/commons-jxpath/commons-jxpath/1.3/commons-jxpath-1.3.jar:/home/highnewb/.m2/repository/org/ini4j/ini4j/0.5.2/ini4j-0.5.2.jar:/home/highnewb/.m2/repository/org/seleniumhq/selenium/selenium-server/3.11.0/selenium-server-3.11.0.jar:/home/highnewb/.m2/repository/org/seleniumhq/selenium/selenium-firefox-driver/3.11.0/selenium-firefox-driver-3.11.0.jar:/home/highnewb/.m2/repository/org/seleniumhq/selenium/selenium-ie-driver/3.11.0/selenium-ie-driver-3.11.0.jar:/home/highnewb/.m2/repository/org/seleniumhq/selenium/selenium-opera-driver/3.11.0/selenium-opera-driver-3.11.0.jar:/home/highnewb/.m2/repository/com/beust/jcommander/1.72/jcommander-1.72.jar:/home/highnewb/.m2/repository/org/apache/commons/commons-exec/1.3/commons-exec-1.3.jar:/home/highnewb/.m2/repository/org/apache/commons/commons-text/1.1/commons-text-1.1.jar:/home/highnewb/.m2/repository/commons-net/commons-net/3.6/commons-net-3.6.jar:/home/highnewb/.m2/repository/org/w3c/css/sac/1.3/sac-1.3.jar:/home/highnewb/.m2/repository/net/sourceforge/cssparser/cssparser/0.9.24/cssparser-0.9.24.jar:/home/highnewb/.m2/repository/net/sourceforge/htmlunit/htmlunit-core-js/2.28/htmlunit-core-js-2.28.jar:/home/highnewb/.m2/repository/net/sourceforge/htmlunit/neko-htmlunit/2.28/neko-htmlunit-2.28.jar:/home/highnewb/.m2/repository/org/apache/httpcomponents/httpcore/4.4.6/httpcore-4.4.6.jar:/home/highnewb/.m2/repository/net/jcip/jcip-annotations/1.0/jcip-annotations-1.0.jar:/home/highnewb/.m2/repository/org/seleniumhq/selenium/jetty-repacked/9.4.7.v20171121/jetty-repacked-9.4.7.v20171121.jar:/home/highnewb/.m2/repository/org/eclipse/jetty/jetty-client/9.4.7.v20170914/jetty-client-9.4.7.v20170914.jar:/home/highnewb/.m2/repository/org/eclipse/jetty/jetty-http/9.4.8.v20171121/jetty-http-9.4.8.v20171121.jar:/home/highnewb/.m2/repository/org/eclipse/jetty/jetty-xml/9.4.7.v20170914/jetty-xml-9.4.7.v20170914.jar:/home/highnewb/.m2/repository/com/squareup/okio/okio/1.13.0/okio-1.13.0.jar:/home/highnewb/.m2/repository/javax/servlet/javax.servlet-api/3.1.0/javax.servlet-api-3.1.0.jar:/home/highnewb/.m2/repository/org/eclipse/jetty/websocket/websocket-api/9.4.7.v20170914/websocket-api-9.4.7.v20170914.jar:/home/highnewb/.m2/repository/org/eclipse/jetty/websocket/websocket-client/9.4.7.v20170914/websocket-client-9.4.7.v20170914.jar:/home/highnewb/.m2/repository/org/eclipse/jetty/websocket/websocket-common/9.4.7.v20170914/websocket-common-9.4.7.v20170914.jar:/home/highnewb/.m2/repository/xerces/xercesImpl/2.11.0/xercesImpl-2.11.0.jar:/home/highnewb/.m2/repository/org/yaml/snakeyaml/1.19/snakeyaml-1.19.jar:/home/highnewb/.m2/repository/org/seleniumhq/selenium/selenium-java/3.11.0/selenium-java-3.11.0.jar:/home/highnewb/.m2/repository/org/seleniumhq/selenium/selenium-api/3.11.0/selenium-api-3.11.0.jar:/home/highnewb/.m2/repository/org/seleniumhq/selenium/selenium-chrome-driver/3.11.0/selenium-chrome-driver-3.11.0.jar:/home/highnewb/.m2/repository/org/seleniumhq/selenium/selenium-edge-driver/3.11.0/selenium-edge-driver-3.11.0.jar:/home/highnewb/.m2/repository/org/seleniumhq/selenium/selenium-remote-driver/3.11.0/selenium-remote-driver-3.11.0.jar:/home/highnewb/.m2/repository/org/seleniumhq/selenium/selenium-safari-driver/3.11.0/selenium-safari-driver-3.11.0.jar:/home/highnewb/.m2/repository/org/seleniumhq/selenium/selenium-support/3.11.0/selenium-support-3.11.0.jar:/home/highnewb/.m2/repository/com/paulhammant/ngwebdriver/1.0/ngwebdriver-1.0.jar:/home/highnewb/.m2/repository/com/codeborne/phantomjsdriver/1.4.3/phantomjsdriver-1.4.3.jar:/home/highnewb/.m2/repository/org/eclipse/jetty/jetty-util/9.4.8.v20171121/jetty-util-9.4.8.v20171121.jar:/home/highnewb/.m2/repository/org/eclipse/jetty/jetty-io/9.4.8.v20171121/jetty-io-9.4.8.v20171121.jar:/home/highnewb/.m2/repository/org/seleniumhq/selenium/htmlunit-driver/2.29.0/htmlunit-driver-2.29.0.jar:/home/highnewb/.m2/repository/io/appium/java-client/6.0.0-BETA2/java-client-6.0.0-BETA2.jar:/home/highnewb/.m2/repository/commons-validator/commons-validator/1.6/commons-validator-1.6.jar:/home/highnewb/.m2/repository/commons-beanutils/commons-beanutils/1.9.2/commons-beanutils-1.9.2.jar:/home/highnewb/.m2/repository/commons-digester/commons-digester/1.8.1/commons-digester-1.8.1.jar:/home/highnewb/.m2/repository/org/aspectj/aspectjweaver/1.8.13/aspectjweaver-1.8.13.jar:/home/highnewb/.m2/repository/org/openpnp/opencv/3.2.0-1/opencv-3.2.0-1.jar:/home/highnewb/.m2/repository/org/codehaus/groovy/groovy/2.4.12/groovy-2.4.12.jar:/home/highnewb/.m2/repository/net/sf/opencsv/opencsv/2.0/opencsv-2.0.jar:/home/highnewb/.m2/repository/commons-beanutils/commons-beanutils-core/1.8.3/commons-beanutils-core-1.8.3.jar:/home/highnewb/.m2/repository/joda-time/joda-time/2.7/joda-time-2.7.jar:/home/highnewb/.m2/repository/com/thoughtworks/xstream/xstream/1.4.9/xstream-1.4.9.jar:/home/highnewb/.m2/repository/xmlpull/xmlpull/1.1.3.1/xmlpull-1.1.3.1.jar:/home/highnewb/.m2/repository/xpp3/xpp3_min/1.1.4c/xpp3_min-1.1.4c.jar:/home/highnewb/.m2/repository/org/apache/commons/commons-lang3/3.7/commons-lang3-3.7.jar:/home/highnewb/.m2/repository/commons-collections/commons-collections/3.2.2/commons-collections-3.2.2.jar:/home/highnewb/.m2/repository/org/freemarker/freemarker/2.3.23/freemarker-2.3.23.jar:/home/highnewb/.m2/repository/net/sourceforge/jexcelapi/jxl/2.6.12/jxl-2.6.12.jar:/home/highnewb/.m2/repository/net/sourceforge/htmlunit/htmlunit/2.29/htmlunit-2.29.jar:/home/highnewb/.m2/repository/org/apache/httpcomponents/httpclient/4.5.4/httpclient-4.5.4.jar:/home/highnewb/.m2/repository/org/apache/httpcomponents/httpmime/4.5.4/httpmime-4.5.4.jar:/home/highnewb/.m2/repository/org/fluentlenium/fluentlenium-core/0.10.2/fluentlenium-core-0.10.2.jar:/home/highnewb/.m2/repository/com/jhlabs/filters/2.0.235/filters-2.0.235.jar:/home/highnewb/.m2/repository/org/imgscalr/imgscalr-lib/4.2/imgscalr-lib-4.2.jar:/home/highnewb/.m2/repository/javax/validation/validation-api/1.1.0.Final/validation-api-1.1.0.Final.jar:/home/highnewb/.m2/repository/org/hibernate/hibernate-validator/5.1.1.Final/hibernate-validator-5.1.1.Final.jar:/home/highnewb/.m2/repository/org/jboss/logging/jboss-logging/3.1.3.GA/jboss-logging-3.1.3.GA.jar:/home/highnewb/.m2/repository/com/fasterxml/classmate/1.0.0/classmate-1.0.0.jar:/home/highnewb/.m2/repository/javax/el/javax.el-api/2.2.4/javax.el-api-2.2.4.jar:/home/highnewb/.m2/repository/org/glassfish/web/javax.el/2.2.4/javax.el-2.2.4.jar:/home/highnewb/.m2/repository/xalan/xalan/2.7.2/xalan-2.7.2.jar:/home/highnewb/.m2/repository/xalan/serializer/2.7.2/serializer-2.7.2.jar:/home/highnewb/.m2/repository/com/typesafe/config/1.3.1/config-1.3.1.jar:/home/highnewb/.m2/repository/org/jsoup/jsoup/1.10.3/jsoup-1.10.3.jar:/home/highnewb/.m2/repository/com/google/jimfs/jimfs/1.1/jimfs-1.1.jar:/home/highnewb/.m2/repository/es/nitaur/markdown/txtmark/0.16/txtmark-0.16.jar:/home/highnewb/.m2/repository/com/vladsch/flexmark/flexmark-all/0.26.4/flexmark-all-0.26.4.jar:/home/highnewb/.m2/repository/com/vladsch/flexmark/flexmark/0.26.4/flexmark-0.26.4.jar:/home/highnewb/.m2/repository/com/vladsch/flexmark/flexmark-ext-abbreviation/0.26.4/flexmark-ext-abbreviation-0.26.4.jar:/home/highnewb/.m2/repository/com/vladsch/flexmark/flexmark-ext-anchorlink/0.26.4/flexmark-ext-anchorlink-0.26.4.jar:/home/highnewb/.m2/repository/com/vladsch/flexmark/flexmark-ext-aside/0.26.4/flexmark-ext-aside-0.26.4.jar:/home/highnewb/.m2/repository/com/vladsch/flexmark/flexmark-ext-autolink/0.26.4/flexmark-ext-autolink-0.26.4.jar:/home/highnewb/.m2/repository/org/nibor/autolink/autolink/0.6.0/autolink-0.6.0.jar:/home/highnewb/.m2/repository/com/vladsch/flexmark/flexmark-ext-definition/0.26.4/flexmark-ext-definition-0.26.4.jar:/home/highnewb/.m2/repository/com/vladsch/flexmark/flexmark-ext-emoji/0.26.4/flexmark-ext-emoji-0.26.4.jar:/home/highnewb/.m2/repository/com/vladsch/flexmark/flexmark-ext-escaped-character/0.26.4/flexmark-ext-escaped-character-0.26.4.jar:/home/highnewb/.m2/repository/com/vladsch/flexmark/flexmark-ext-footnotes/0.26.4/flexmark-ext-footnotes-0.26.4.jar:/home/highnewb/.m2/repository/com/vladsch/flexmark/flexmark-ext-gfm-issues/0.26.4/flexmark-ext-gfm-issues-0.26.4.jar:/home/highnewb/.m2/repository/com/vladsch/flexmark/flexmark-ext-gfm-strikethrough/0.26.4/flexmark-ext-gfm-strikethrough-0.26.4.jar:/home/highnewb/.m2/repository/com/vladsch/flexmark/flexmark-ext-gfm-tables/0.26.4/flexmark-ext-gfm-tables-0.26.4.jar:/home/highnewb/.m2/repository/com/vladsch/flexmark/flexmark-ext-gfm-tasklist/0.26.4/flexmark-ext-gfm-tasklist-0.26.4.jar:/home/highnewb/.m2/repository/com/vladsch/flexmark/flexmark-ext-gfm-users/0.26.4/flexmark-ext-gfm-users-0.26.4.jar:/home/highnewb/.m2/repository/com/vladsch/flexmark/flexmark-ext-jekyll-front-matter/0.26.4/flexmark-ext-jekyll-front-matter-0.26.4.jar:/home/highnewb/.m2/repository/com/vladsch/flexmark/flexmark-ext-jekyll-tag/0.26.4/flexmark-ext-jekyll-tag-0.26.4.jar:/home/highnewb/.m2/repository/com/vladsch/flexmark/flexmark-ext-ins/0.26.4/flexmark-ext-ins-0.26.4.jar:/home/highnewb/.m2/repository/com/vladsch/flexmark/flexmark-ext-xwiki-macros/0.26.4/flexmark-ext-xwiki-macros-0.26.4.jar:/home/highnewb/.m2/repository/com/vladsch/flexmark/flexmark-ext-superscript/0.26.4/flexmark-ext-superscript-0.26.4.jar:/home/highnewb/.m2/repository/com/vladsch/flexmark/flexmark-ext-tables/0.26.4/flexmark-ext-tables-0.26.4.jar:/home/highnewb/.m2/repository/com/vladsch/flexmark/flexmark-ext-toc/0.26.4/flexmark-ext-toc-0.26.4.jar:/home/highnewb/.m2/repository/com/vladsch/flexmark/flexmark-ext-typographic/0.26.4/flexmark-ext-typographic-0.26.4.jar:/home/highnewb/.m2/repository/com/vladsch/flexmark/flexmark-ext-wikilink/0.26.4/flexmark-ext-wikilink-0.26.4.jar:/home/highnewb/.m2/repository/com/vladsch/flexmark/flexmark-ext-yaml-front-matter/0.26.4/flexmark-ext-yaml-front-matter-0.26.4.jar:/home/highnewb/.m2/repository/com/vladsch/flexmark/flexmark-formatter/0.26.4/flexmark-formatter-0.26.4.jar:/home/highnewb/.m2/repository/com/vladsch/flexmark/flexmark-html-parser/0.26.4/flexmark-html-parser-0.26.4.jar:/home/highnewb/.m2/repository/com/vladsch/flexmark/flexmark-jira-converter/0.26.4/flexmark-jira-converter-0.26.4.jar:/home/highnewb/.m2/repository/com/vladsch/flexmark/flexmark-pdf-converter/0.26.4/flexmark-pdf-converter-0.26.4.jar:/home/highnewb/.m2/repository/com/openhtmltopdf/openhtmltopdf-core/0.0.1-RC9/openhtmltopdf-core-0.0.1-RC9.jar:/home/highnewb/.m2/repository/com/openhtmltopdf/openhtmltopdf-pdfbox/0.0.1-RC9/openhtmltopdf-pdfbox-0.0.1-RC9.jar:/home/highnewb/.m2/repository/org/apache/pdfbox/pdfbox/2.0.4/pdfbox-2.0.4.jar:/home/highnewb/.m2/repository/org/apache/pdfbox/fontbox/2.0.4/fontbox-2.0.4.jar:/home/highnewb/.m2/repository/com/openhtmltopdf/openhtmltopdf-rtl-support/0.0.1-RC9/openhtmltopdf-rtl-support-0.0.1-RC9.jar:/home/highnewb/.m2/repository/com/ibm/icu/icu4j/58.1/icu4j-58.1.jar:/home/highnewb/.m2/repository/com/openhtmltopdf/openhtmltopdf-jsoup-dom-converter/0.0.1-RC9/openhtmltopdf-jsoup-dom-converter-0.0.1-RC9.jar:/home/highnewb/.m2/repository/com/vladsch/flexmark/flexmark-profile-pegdown/0.26.4/flexmark-profile-pegdown-0.26.4.jar:/home/highnewb/.m2/repository/com/vladsch/flexmark/flexmark-util/0.26.4/flexmark-util-0.26.4.jar:/home/highnewb/.m2/repository/com/vladsch/flexmark/flexmark-youtrack-converter/0.26.4/flexmark-youtrack-converter-0.26.4.jar:/home/highnewb/.m2/repository/net/serenity-bdd/serenity-junit/1.9.9/serenity-junit-1.9.9.jar:/home/highnewb/.m2/repository/net/serenity-bdd/serenity-jbehave/1.9.0/serenity-jbehave-1.9.0.jar:/home/highnewb/.m2/repository/com/googlecode/lambdaj/lambdaj/2.3.3/lambdaj-2.3.3.jar:/home/highnewb/.m2/repository/cglib/cglib-nodep/2.2/cglib-nodep-2.2.jar:/home/highnewb/.m2/repository/de/codecentric/jbehave-junit-runner/1.2.0/jbehave-junit-runner-1.2.0.jar:/home/highnewb/.m2/repository/org/codehaus/groovy/groovy-all/2.4.4/groovy-all-2.4.4.jar:/home/highnewb/.m2/repository/com/thoughtworks/paranamer/paranamer/2.7/paranamer-2.7.jar:/home/highnewb/.m2/repository/org/reflections/reflections/0.9.10/reflections-0.9.10.jar:/home/highnewb/.m2/repository/org/javassist/javassist/3.19.0-GA/javassist-3.19.0-GA.jar:/home/highnewb/.m2/repository/com/google/code/findbugs/annotations/2.0.1/annotations-2.0.1.jar:/home/highnewb/.m2/repository/org/jbehave/jbehave-core/4.0.5/jbehave-core-4.0.5.jar:/home/highnewb/.m2/repository/org/hamcrest/hamcrest-integration/1.3/hamcrest-integration-1.3.jar:/home/highnewb/.m2/repository/commons-lang/commons-lang/2.6/commons-lang-2.6.jar:/home/highnewb/.m2/repository/net/serenity-bdd/serenity-rest-assured/1.9.9/serenity-rest-assured-1.9.9.jar:/home/highnewb/.m2/repository/net/serenity-bdd/serenity-jira-requirements-provider/1.9.0/serenity-jira-requirements-provider-1.9.0.jar:/home/highnewb/.m2/repository/net/serenity-bdd/serenity-jira-plugin/1.9.0/serenity-jira-plugin-1.9.0.jar:/home/highnewb/.m2/repository/org/glassfish/jersey/core/jersey-client/2.25.1/jersey-client-2.25.1.jar:/home/highnewb/.m2/repository/org/glassfish/jersey/core/jersey-common/2.25.1/jersey-common-2.25.1.jar:/home/highnewb/.m2/repository/javax/annotation/javax.annotation-api/1.2/javax.annotation-api-1.2.jar:/home/highnewb/.m2/repository/org/glassfish/jersey/bundles/repackaged/jersey-guava/2.25.1/jersey-guava-2.25.1.jar:/home/highnewb/.m2/repository/org/glassfish/hk2/osgi-resource-locator/1.0.1/osgi-resource-locator-1.0.1.jar:/home/highnewb/.m2/repository/org/glassfish/hk2/hk2-api/2.5.0-b32/hk2-api-2.5.0-b32.jar:/home/highnewb/.m2/repository/org/glassfish/hk2/hk2-utils/2.5.0-b32/hk2-utils-2.5.0-b32.jar:/home/highnewb/.m2/repository/org/glassfish/hk2/external/aopalliance-repackaged/2.5.0-b32/aopalliance-repackaged-2.5.0-b32.jar:/home/highnewb/.m2/repository/org/glassfish/hk2/external/javax.inject/2.5.0-b32/javax.inject-2.5.0-b32.jar:/home/highnewb/.m2/repository/org/glassfish/hk2/hk2-locator/2.5.0-b32/hk2-locator-2.5.0-b32.jar:/home/highnewb/.m2/repository/javax/ws/rs/javax.ws.rs-api/2.0.1/javax.ws.rs-api-2.0.1.jar:/home/highnewb/.m2/repository/net/serenity-bdd/serenity-spring/1.9.9/serenity-spring-1.9.9.jar:/home/highnewb/.m2/repository/org/springframework/spring-context/4.3.10.RELEASE/spring-context-4.3.10.RELEASE.jar:/home/highnewb/.m2/repository/org/springframework/spring-expression/4.3.10.RELEASE/spring-expression-4.3.10.RELEASE.jar:/home/highnewb/.m2/repository/org/springframework/spring-context-support/4.3.10.RELEASE/spring-context-support-4.3.10.RELEASE.jar:/home/highnewb/.m2/repository/net/serenity-bdd/serenity-screenplay/1.9.9/serenity-screenplay-1.9.9.jar:/home/highnewb/.m2/repository/net/serenity-bdd/serenity-screenplay-webdriver/1.9.9/serenity-screenplay-webdriver-1.9.9.jar:/home/highnewb/.m2/repository/org/skyscreamer/jsonassert/1.5.0/jsonassert-1.5.0.jar:/home/highnewb/.m2/repository/com/vaadin/external/google/android-json/0.0.20131108.vaadin1/android-json-0.0.20131108.vaadin1.jar:/home/highnewb/.m2/repository/org/awaitility/awaitility/3.0.0/awaitility-3.0.0.jar:/home/highnewb/.m2/repository/org/awaitility/awaitility-proxy/3.0.0/awaitility-proxy-3.0.0.jar:/home/highnewb/.m2/repository/io/specto/hoverfly-java/0.8.1/hoverfly-java-0.8.1.jar:/home/highnewb/.m2/repository/com/squareup/okhttp3/okhttp/3.8.0/okhttp-3.8.0.jar:/home/highnewb/.m2/repository/com/fasterxml/jackson/core/jackson-databind/2.8.8/jackson-databind-2.8.8.jar:/home/highnewb/.m2/repository/com/fasterxml/jackson/core/jackson-annotations/2.8.0/jackson-annotations-2.8.0.jar:/home/highnewb/.m2/repository/com/fasterxml/jackson/core/jackson-core/2.8.8/jackson-core-2.8.8.jar:/home/highnewb/.m2/repository/com/fasterxml/jackson/datatype/jackson-datatype-jsr310/2.8.8/jackson-datatype-jsr310-2.8.8.jar:/home/highnewb/.m2/repository/com/fasterxml/jackson/dataformat/jackson-dataformat-xml/2.8.8/jackson-dataformat-xml-2.8.8.jar:/home/highnewb/.m2/repository/com/fasterxml/jackson/module/jackson-module-jaxb-annotations/2.8.8/jackson-module-jaxb-annotations-2.8.8.jar:/home/highnewb/.m2/repository/org/codehaus/woodstox/stax2-api/3.1.4/stax2-api-3.1.4.jar:/home/highnewb/.m2/repository/com/fasterxml/woodstox/woodstox-core/5.0.3/woodstox-core-5.0.3.jar:/home/highnewb/.m2/repository/org/zeroturnaround/zt-exec/1.9/zt-exec-1.9.jar:/home/highnewb/.m2/repository/org/springframework/spring-web/4.3.8.RELEASE/spring-web-4.3.8.RELEASE.jar:/home/highnewb/.m2/repository/org/springframework/spring-aop/4.3.8.RELEASE/spring-aop-4.3.8.RELEASE.jar:/home/highnewb/.m2/repository/org/springframework/spring-beans/4.3.8.RELEASE/spring-beans-4.3.8.RELEASE.jar:/home/highnewb/.m2/repository/org/springframework/spring-core/4.3.8.RELEASE/spring-core-4.3.8.RELEASE.jar:/home/highnewb/.m2/repository/io/rest-assured/spring-mock-mvc/4.1.1/spring-mock-mvc-4.1.1.jar:/home/highnewb/.m2/repository/io/rest-assured/rest-assured/4.1.1/rest-assured-4.1.1.jar:/home/highnewb/.m2/repository/org/codehaus/groovy/groovy-xml/2.5.6/groovy-xml-2.5.6.jar:/home/highnewb/.m2/repository/org/hamcrest/hamcrest/2.1/hamcrest-2.1.jar:/home/highnewb/.m2/repository/org/ccil/cowan/tagsoup/tagsoup/1.2.1/tagsoup-1.2.1.jar:/home/highnewb/.m2/repository/io/rest-assured/json-path/4.1.1/json-path-4.1.1.jar:/home/highnewb/.m2/repository/org/codehaus/groovy/groovy-json/2.5.6/groovy-json-2.5.6.jar:/home/highnewb/.m2/repository/io/rest-assured/rest-assured-common/4.1.1/rest-assured-common-4.1.1.jar:/home/highnewb/.m2/repository/io/rest-assured/xml-path/4.1.1/xml-path-4.1.1.jar:/home/highnewb/.m2/repository/javax/xml/bind/jaxb-api/2.3.1/jaxb-api-2.3.1.jar:/home/highnewb/.m2/repository/javax/activation/javax.activation-api/1.2.0/javax.activation-api-1.2.0.jar:/home/highnewb/.m2/repository/com/sun/xml/bind/jaxb-osgi/2.3.0.1/jaxb-osgi-2.3.0.1.jar:/home/highnewb/.m2/repository/org/apache/sling/org.apache.sling.javax.activation/0.1.0/org.apache.sling.javax.activation-0.1.0.jar:/home/highnewb/.m2/repository/javax/activation/activation/1.1.1/activation-1.1.1.jar:/home/highnewb/.m2/repository/io/rest-assured/spring-commons/4.1.1/spring-commons-4.1.1.jar:/home/highnewb/.m2/repository/org/springframework/spring-test/4.3.23.RELEASE/spring-test-4.3.23.RELEASE.jar:/home/highnewb/.m2/repository/org/springframework/spring-webmvc/4.3.23.RELEASE/spring-webmvc-4.3.23.RELEASE.jar:/home/highnewb/.m2/repository/org/assertj/assertj-core/3.6.2/assertj-core-3.6.2.jar:/home/highnewb/.m2/repository/org/hamcrest/java-hamcrest/2.0.0.0/java-hamcrest-2.0.0.0.jar:/home/highnewb/.m2/repository/org/asciidoctor/asciidoctor-maven-plugin/1.5.7.1/asciidoctor-maven-plugin-1.5.7.1.jar:/home/highnewb/.m2/repository/org/jruby/jruby-complete/9.1.17.0/jruby-complete-9.1.17.0.jar:/home/highnewb/.m2/repository/org/apache/maven/maven-plugin-api/3.0.5/maven-plugin-api-3.0.5.jar:/home/highnewb/.m2/repository/org/apache/maven/maven-model/3.0.5/maven-model-3.0.5.jar:/home/highnewb/.m2/repository/org/apache/maven/maven-artifact/3.0.5/maven-artifact-3.0.5.jar:/home/highnewb/.m2/repository/org/sonatype/sisu/sisu-inject-plexus/2.3.0/sisu-inject-plexus-2.3.0.jar:/home/highnewb/.m2/repository/org/sonatype/sisu/sisu-inject-bean/2.3.0/sisu-inject-bean-2.3.0.jar:/home/highnewb/.m2/repository/org/sonatype/sisu/sisu-guice/3.1.0/sisu-guice-3.1.0-no_aop.jar:/home/highnewb/.m2/repository/org/sonatype/sisu/sisu-guava/0.9.9/sisu-guava-0.9.9.jar:/home/highnewb/.m2/repository/org/apache/maven/maven-core/3.0.5/maven-core-3.0.5.jar:/home/highnewb/.m2/repository/org/apache/maven/maven-settings/3.0.5/maven-settings-3.0.5.jar:/home/highnewb/.m2/repository/org/apache/maven/maven-settings-builder/3.0.5/maven-settings-builder-3.0.5.jar:/home/highnewb/.m2/repository/org/apache/maven/maven-repository-metadata/3.0.5/maven-repository-metadata-3.0.5.jar:/home/highnewb/.m2/repository/org/apache/maven/maven-model-builder/3.0.5/maven-model-builder-3.0.5.jar:/home/highnewb/.m2/repository/org/apache/maven/maven-aether-provider/3.0.5/maven-aether-provider-3.0.5.jar:/home/highnewb/.m2/repository/org/sonatype/aether/aether-spi/1.13.1/aether-spi-1.13.1.jar:/home/highnewb/.m2/repository/org/sonatype/aether/aether-impl/1.13.1/aether-impl-1.13.1.jar:/home/highnewb/.m2/repository/org/sonatype/aether/aether-api/1.13.1/aether-api-1.13.1.jar:/home/highnewb/.m2/repository/org/sonatype/aether/aether-util/1.13.1/aether-util-1.13.1.jar:/home/highnewb/.m2/repository/org/codehaus/plexus/plexus-classworlds/2.4/plexus-classworlds-2.4.jar:/home/highnewb/.m2/repository/org/codehaus/plexus/plexus-component-annotations/1.5.5/plexus-component-annotations-1.5.5.jar:/home/highnewb/.m2/repository/org/sonatype/plexus/plexus-sec-dispatcher/1.3/plexus-sec-dispatcher-1.3.jar:/home/highnewb/.m2/repository/org/sonatype/plexus/plexus-cipher/1.4/plexus-cipher-1.4.jar:/home/highnewb/.m2/repository/org/apache/maven/shared/maven-filtering/3.1.1/maven-filtering-3.1.1.jar:/home/highnewb/.m2/repository/org/apache/maven/shared/maven-shared-utils/3.0.0/maven-shared-utils-3.0.0.jar:/home/highnewb/.m2/repository/org/sonatype/plexus/plexus-build-api/0.0.7/plexus-build-api-0.0.7.jar:/home/highnewb/.m2/repository/org/codehaus/plexus/plexus-interpolation/1.22/plexus-interpolation-1.22.jar:/home/highnewb/.m2/repository/org/codehaus/plexus/plexus-utils/3.0.23/plexus-utils-3.0.23.jar:/home/highnewb/.m2/repository/org/asciidoctor/asciidoctorj/1.5.7/asciidoctorj-1.5.7.jar:/home/highnewb/.m2/repository/io/netty/netty-codec-http/4.0.38.Final/netty-codec-http-4.0.38.Final.jar:/home/highnewb/.m2/repository/io/netty/netty-codec/4.0.38.Final/netty-codec-4.0.38.Final.jar:/home/highnewb/.m2/repository/io/netty/netty-transport/4.0.38.Final/netty-transport-4.0.38.Final.jar:/home/highnewb/.m2/repository/io/netty/netty-handler/4.0.38.Final/netty-handler-4.0.38.Final.jar:/home/highnewb/.m2/repository/io/netty/netty-buffer/4.0.38.Final/netty-buffer-4.0.38.Final.jar:/home/highnewb/.m2/repository/io/netty/netty-common/4.0.38.Final/netty-common-4.0.38.Final.jar:/home/highnewb/.m2/repository/org/apache/maven/doxia/doxia-core/1.7/doxia-core-1.7.jar:/home/highnewb/.m2/repository/org/apache/maven/doxia/doxia-sink-api/1.7/doxia-sink-api-1.7.jar:/home/highnewb/.m2/repository/org/apache/maven/doxia/doxia-logging-api/1.7/doxia-logging-api-1.7.jar:/home/highnewb/.m2/repository/org/codehaus/plexus/plexus-container-default/1.0-alpha-30/plexus-container-default-1.0-alpha-30.jar:/home/highnewb/.m2/repository/xmlunit/xmlunit/1.5/xmlunit-1.5.jar:/home/highnewb/.m2/repository/org/apache/maven/doxia/doxia-module-xhtml/1.7/doxia-module-xhtml-1.7.jar:/home/highnewb/.m2/repository/org/slf4j/slf4j-api/1.7.21/slf4j-api-1.7.21.jar:/home/highnewb/.m2/repository/ch/qos/logback/logback-classic/1.1.7/logback-classic-1.1.7.jar:/home/highnewb/.m2/repository/ch/qos/logback/logback-core/1.1.7/logback-core-1.1.7.jar:/home/highnewb/.m2/repository/org/slf4j/jcl-over-slf4j/1.7.21/jcl-over-slf4j-1.7.21.jar:/home/highnewb/.m2/repository/junit/junit/4.12/junit-4.12.jar:/home/highnewb/.m2/repository/org/junit/jupiter/junit-jupiter-engine/5.2.0/junit-jupiter-engine-5.2.0.jar:/home/highnewb/.m2/repository/org/apiguardian/apiguardian-api/1.0.0/apiguardian-api-1.0.0.jar:/home/highnewb/.m2/repository/org/junit/platform/junit-platform-engine/1.2.0/junit-platform-engine-1.2.0.jar:/home/highnewb/.m2/repository/org/junit/jupiter/junit-jupiter-params/5.2.0/junit-jupiter-params-5.2.0.jar:/home/highnewb/.m2/repository/org/junit/jupiter/junit-jupiter-api/5.2.0/junit-jupiter-api-5.2.0.jar:/home/highnewb/.m2/repository/org/opentest4j/opentest4j/1.1.0/opentest4j-1.1.0.jar:/home/highnewb/.m2/repository/org/junit/platform/junit-platform-commons/1.2.0/junit-platform-commons-1.2.0.jar:/home/highnewb/.m2/repository/org/hamcrest/hamcrest-core/1.3/hamcrest-core-1.3.jar:/home/highnewb/.m2/repository/org/hamcrest/hamcrest-library/1.3/hamcrest-library-1.3.jar:/home/highnewb/.m2/repository/org/hamcrest/hamcrest-all/1.3/hamcrest-all-1.3.jar:/home/highnewb/.m2/repository/org/mockito/mockito-core/2.21.0/mockito-core-2.21.0.jar:/home/highnewb/.m2/repository/net/bytebuddy/byte-buddy-agent/1.8.15/byte-buddy-agent-1.8.15.jar:/home/highnewb/.m2/repository/org/apache/maven/surefire/surefire-logger-api/2.21.0/surefire-logger-api-2.21.0.jar:"/>
    <property name="java.vm.vendor" value="Ubuntu"/>
    <property name="sun.arch.data.model" value="64"/>
    <property name="java.vendor.url" value="https://ubuntu.com/"/>
    <property name="user.timezone" value=""/>
    <property name="java.vm.specification.version" value="11"/>
    <property name="os.name" value="Linux"/>
    <property name="sun.java.launcher" value="SUN_STANDARD"/>
    <property name="user.country" value="FR"/>
    <property name="sun.boot.library.path" value="/usr/lib/jvm/java-11-openjdk-amd64/lib"/>
    <property name="sun.java.command" value="/home/highnewb/Cours/Mod_Env/tutorials/libraries-testing/target/surefire/surefirebooter14147650695796724785.jar /home/highnewb/Cours/Mod_Env/tutorials/libraries-testing/target/surefire 2019-11-15T14-38-04_152-jvmRun1 surefire5815185994902259431tmp surefire_017228447968126818061tmp"/>
    <property name="jdk.debug" value="release"/>
    <property name="surefire.test.class.path" value="/home/highnewb/Cours/Mod_Env/tutorials/libraries-testing/target/test-classes:/home/highnewb/Cours/Mod_Env/tutorials/libraries-testing/target/classes:/home/highnewb/.m2/repository/net/serenity-bdd/serenity-core/1.9.9/serenity-core-1.9.9.jar:/home/highnewb/.m2/repository/com/google/guava/guava/23.6-jre/guava-23.6-jre.jar:/home/highnewb/.m2/repository/com/google/code/findbugs/jsr305/1.3.9/jsr305-1.3.9.jar:/home/highnewb/.m2/repository/org/checkerframework/checker-compat-qual/2.0.0/checker-compat-qual-2.0.0.jar:/home/highnewb/.m2/repository/com/google/errorprone/error_prone_annotations/2.1.3/error_prone_annotations-2.1.3.jar:/home/highnewb/.m2/repository/com/google/j2objc/j2objc-annotations/1.1/j2objc-annotations-1.1.jar:/home/highnewb/.m2/repository/org/codehaus/mojo/animal-sniffer-annotations/1.14/animal-sniffer-annotations-1.14.jar:/home/highnewb/.m2/repository/com/google/inject/guice/4.1.0/guice-4.1.0.jar:/home/highnewb/.m2/repository/javax/inject/javax.inject/1/javax.inject-1.jar:/home/highnewb/.m2/repository/aopalliance/aopalliance/1.0/aopalliance-1.0.jar:/home/highnewb/.m2/repository/cglib/cglib/3.2.5/cglib-3.2.5.jar:/home/highnewb/.m2/repository/org/apache/ant/ant/1.9.6/ant-1.9.6.jar:/home/highnewb/.m2/repository/org/apache/ant/ant-launcher/1.9.6/ant-launcher-1.9.6.jar:/home/highnewb/.m2/repository/org/ow2/asm/asm/5.0.3/asm-5.0.3.jar:/home/highnewb/.m2/repository/commons-codec/commons-codec/1.10/commons-codec-1.10.jar:/home/highnewb/.m2/repository/org/objenesis/objenesis/2.6/objenesis-2.6.jar:/home/highnewb/.m2/repository/xml-apis/xml-apis/1.4.01/xml-apis-1.4.01.jar:/home/highnewb/.m2/repository/io/cucumber/cucumber-core/2.3.0/cucumber-core-2.3.0.jar:/home/highnewb/.m2/repository/info/cukes/cucumber-html/0.2.6/cucumber-html-0.2.6.jar:/home/highnewb/.m2/repository/io/cucumber/cucumber-jvm-deps/1.0.6/cucumber-jvm-deps-1.0.6.jar:/home/highnewb/.m2/repository/io/cucumber/gherkin/5.0.0/gherkin-5.0.0.jar:/home/highnewb/.m2/repository/io/cucumber/tag-expressions/1.1.1/tag-expressions-1.1.1.jar:/home/highnewb/.m2/repository/commons-logging/commons-logging/1.2/commons-logging-1.2.jar:/home/highnewb/.m2/repository/net/bytebuddy/byte-buddy/1.7.9/byte-buddy-1.7.9.jar:/home/highnewb/.m2/repository/io/vavr/vavr/0.9.0/vavr-0.9.0.jar:/home/highnewb/.m2/repository/io/vavr/vavr-match/0.9.0/vavr-match-0.9.0.jar:/home/highnewb/.m2/repository/net/serenity-bdd/serenity-report-resources/1.9.9/serenity-report-resources-1.9.9.jar:/home/highnewb/.m2/repository/com/google/code/gson/gson/2.8.2/gson-2.8.2.jar:/home/highnewb/.m2/repository/commons-io/commons-io/2.6/commons-io-2.6.jar:/home/highnewb/.m2/repository/com/opera/operadriver/1.5/operadriver-1.5.jar:/home/highnewb/.m2/repository/com/opera/operalaunchers/1.1/operalaunchers-1.1.jar:/home/highnewb/.m2/repository/com/google/protobuf/protobuf-java/2.4.1/protobuf-java-2.4.1.jar:/home/highnewb/.m2/repository/commons-jxpath/commons-jxpath/1.3/commons-jxpath-1.3.jar:/home/highnewb/.m2/repository/org/ini4j/ini4j/0.5.2/ini4j-0.5.2.jar:/home/highnewb/.m2/repository/org/seleniumhq/selenium/selenium-server/3.11.0/selenium-server-3.11.0.jar:/home/highnewb/.m2/repository/org/seleniumhq/selenium/selenium-firefox-driver/3.11.0/selenium-firefox-driver-3.11.0.jar:/home/highnewb/.m2/repository/org/seleniumhq/selenium/selenium-ie-driver/3.11.0/selenium-ie-driver-3.11.0.jar:/home/highnewb/.m2/repository/org/seleniumhq/selenium/selenium-opera-driver/3.11.0/selenium-opera-driver-3.11.0.jar:/home/highnewb/.m2/repository/com/beust/jcommander/1.72/jcommander-1.72.jar:/home/highnewb/.m2/repository/org/apache/commons/commons-exec/1.3/commons-exec-1.3.jar:/home/highnewb/.m2/repository/org/apache/commons/commons-text/1.1/commons-text-1.1.jar:/home/highnewb/.m2/repository/commons-net/commons-net/3.6/commons-net-3.6.jar:/home/highnewb/.m2/repository/org/w3c/css/sac/1.3/sac-1.3.jar:/home/highnewb/.m2/repository/net/sourceforge/cssparser/cssparser/0.9.24/cssparser-0.9.24.jar:/home/highnewb/.m2/repository/net/sourceforge/htmlunit/htmlunit-core-js/2.28/htmlunit-core-js-2.28.jar:/home/highnewb/.m2/repository/net/sourceforge/htmlunit/neko-htmlunit/2.28/neko-htmlunit-2.28.jar:/home/highnewb/.m2/repository/org/apache/httpcomponents/httpcore/4.4.6/httpcore-4.4.6.jar:/home/highnewb/.m2/repository/net/jcip/jcip-annotations/1.0/jcip-annotations-1.0.jar:/home/highnewb/.m2/repository/org/seleniumhq/selenium/jetty-repacked/9.4.7.v20171121/jetty-repacked-9.4.7.v20171121.jar:/home/highnewb/.m2/repository/org/eclipse/jetty/jetty-client/9.4.7.v20170914/jetty-client-9.4.7.v20170914.jar:/home/highnewb/.m2/repository/org/eclipse/jetty/jetty-http/9.4.8.v20171121/jetty-http-9.4.8.v20171121.jar:/home/highnewb/.m2/repository/org/eclipse/jetty/jetty-xml/9.4.7.v20170914/jetty-xml-9.4.7.v20170914.jar:/home/highnewb/.m2/repository/com/squareup/okio/okio/1.13.0/okio-1.13.0.jar:/home/highnewb/.m2/repository/javax/servlet/javax.servlet-api/3.1.0/javax.servlet-api-3.1.0.jar:/home/highnewb/.m2/repository/org/eclipse/jetty/websocket/websocket-api/9.4.7.v20170914/websocket-api-9.4.7.v20170914.jar:/home/highnewb/.m2/repository/org/eclipse/jetty/websocket/websocket-client/9.4.7.v20170914/websocket-client-9.4.7.v20170914.jar:/home/highnewb/.m2/repository/org/eclipse/jetty/websocket/websocket-common/9.4.7.v20170914/websocket-common-9.4.7.v20170914.jar:/home/highnewb/.m2/repository/xerces/xercesImpl/2.11.0/xercesImpl-2.11.0.jar:/home/highnewb/.m2/repository/org/yaml/snakeyaml/1.19/snakeyaml-1.19.jar:/home/highnewb/.m2/repository/org/seleniumhq/selenium/selenium-java/3.11.0/selenium-java-3.11.0.jar:/home/highnewb/.m2/repository/org/seleniumhq/selenium/selenium-api/3.11.0/selenium-api-3.11.0.jar:/home/highnewb/.m2/repository/org/seleniumhq/selenium/selenium-chrome-driver/3.11.0/selenium-chrome-driver-3.11.0.jar:/home/highnewb/.m2/repository/org/seleniumhq/selenium/selenium-edge-driver/3.11.0/selenium-edge-driver-3.11.0.jar:/home/highnewb/.m2/repository/org/seleniumhq/selenium/selenium-remote-driver/3.11.0/selenium-remote-driver-3.11.0.jar:/home/highnewb/.m2/repository/org/seleniumhq/selenium/selenium-safari-driver/3.11.0/selenium-safari-driver-3.11.0.jar:/home/highnewb/.m2/repository/org/seleniumhq/selenium/selenium-support/3.11.0/selenium-support-3.11.0.jar:/home/highnewb/.m2/repository/com/paulhammant/ngwebdriver/1.0/ngwebdriver-1.0.jar:/home/highnewb/.m2/repository/com/codeborne/phantomjsdriver/1.4.3/phantomjsdriver-1.4.3.jar:/home/highnewb/.m2/repository/org/eclipse/jetty/jetty-util/9.4.8.v20171121/jetty-util-9.4.8.v20171121.jar:/home/highnewb/.m2/repository/org/eclipse/jetty/jetty-io/9.4.8.v20171121/jetty-io-9.4.8.v20171121.jar:/home/highnewb/.m2/repository/org/seleniumhq/selenium/htmlunit-driver/2.29.0/htmlunit-driver-2.29.0.jar:/home/highnewb/.m2/repository/io/appium/java-client/6.0.0-BETA2/java-client-6.0.0-BETA2.jar:/home/highnewb/.m2/repository/commons-validator/commons-validator/1.6/commons-validator-1.6.jar:/home/highnewb/.m2/repository/commons-beanutils/commons-beanutils/1.9.2/commons-beanutils-1.9.2.jar:/home/highnewb/.m2/repository/commons-digester/commons-digester/1.8.1/commons-digester-1.8.1.jar:/home/highnewb/.m2/repository/org/aspectj/aspectjweaver/1.8.13/aspectjweaver-1.8.13.jar:/home/highnewb/.m2/repository/org/openpnp/opencv/3.2.0-1/opencv-3.2.0-1.jar:/home/highnewb/.m2/repository/org/codehaus/groovy/groovy/2.4.12/groovy-2.4.12.jar:/home/highnewb/.m2/repository/net/sf/opencsv/opencsv/2.0/opencsv-2.0.jar:/home/highnewb/.m2/repository/commons-beanutils/commons-beanutils-core/1.8.3/commons-beanutils-core-1.8.3.jar:/home/highnewb/.m2/repository/joda-time/joda-time/2.7/joda-time-2.7.jar:/home/highnewb/.m2/repository/com/thoughtworks/xstream/xstream/1.4.9/xstream-1.4.9.jar:/home/highnewb/.m2/repository/xmlpull/xmlpull/1.1.3.1/xmlpull-1.1.3.1.jar:/home/highnewb/.m2/repository/xpp3/xpp3_min/1.1.4c/xpp3_min-1.1.4c.jar:/home/highnewb/.m2/repository/org/apache/commons/commons-lang3/3.7/commons-lang3-3.7.jar:/home/highnewb/.m2/repository/commons-collections/commons-collections/3.2.2/commons-collections-3.2.2.jar:/home/highnewb/.m2/repository/org/freemarker/freemarker/2.3.23/freemarker-2.3.23.jar:/home/highnewb/.m2/repository/net/sourceforge/jexcelapi/jxl/2.6.12/jxl-2.6.12.jar:/home/highnewb/.m2/repository/net/sourceforge/htmlunit/htmlunit/2.29/htmlunit-2.29.jar:/home/highnewb/.m2/repository/org/apache/httpcomponents/httpclient/4.5.4/httpclient-4.5.4.jar:/home/highnewb/.m2/repository/org/apache/httpcomponents/httpmime/4.5.4/httpmime-4.5.4.jar:/home/highnewb/.m2/repository/org/fluentlenium/fluentlenium-core/0.10.2/fluentlenium-core-0.10.2.jar:/home/highnewb/.m2/repository/com/jhlabs/filters/2.0.235/filters-2.0.235.jar:/home/highnewb/.m2/repository/org/imgscalr/imgscalr-lib/4.2/imgscalr-lib-4.2.jar:/home/highnewb/.m2/repository/javax/validation/validation-api/1.1.0.Final/validation-api-1.1.0.Final.jar:/home/highnewb/.m2/repository/org/hibernate/hibernate-validator/5.1.1.Final/hibernate-validator-5.1.1.Final.jar:/home/highnewb/.m2/repository/org/jboss/logging/jboss-logging/3.1.3.GA/jboss-logging-3.1.3.GA.jar:/home/highnewb/.m2/repository/com/fasterxml/classmate/1.0.0/classmate-1.0.0.jar:/home/highnewb/.m2/repository/javax/el/javax.el-api/2.2.4/javax.el-api-2.2.4.jar:/home/highnewb/.m2/repository/org/glassfish/web/javax.el/2.2.4/javax.el-2.2.4.jar:/home/highnewb/.m2/repository/xalan/xalan/2.7.2/xalan-2.7.2.jar:/home/highnewb/.m2/repository/xalan/serializer/2.7.2/serializer-2.7.2.jar:/home/highnewb/.m2/repository/com/typesafe/config/1.3.1/config-1.3.1.jar:/home/highnewb/.m2/repository/org/jsoup/jsoup/1.10.3/jsoup-1.10.3.jar:/home/highnewb/.m2/repository/com/google/jimfs/jimfs/1.1/jimfs-1.1.jar:/home/highnewb/.m2/repository/es/nitaur/markdown/txtmark/0.16/txtmark-0.16.jar:/home/highnewb/.m2/repository/com/vladsch/flexmark/flexmark-all/0.26.4/flexmark-all-0.26.4.jar:/home/highnewb/.m2/repository/com/vladsch/flexmark/flexmark/0.26.4/flexmark-0.26.4.jar:/home/highnewb/.m2/repository/com/vladsch/flexmark/flexmark-ext-abbreviation/0.26.4/flexmark-ext-abbreviation-0.26.4.jar:/home/highnewb/.m2/repository/com/vladsch/flexmark/flexmark-ext-anchorlink/0.26.4/flexmark-ext-anchorlink-0.26.4.jar:/home/highnewb/.m2/repository/com/vladsch/flexmark/flexmark-ext-aside/0.26.4/flexmark-ext-aside-0.26.4.jar:/home/highnewb/.m2/repository/com/vladsch/flexmark/flexmark-ext-autolink/0.26.4/flexmark-ext-autolink-0.26.4.jar:/home/highnewb/.m2/repository/org/nibor/autolink/autolink/0.6.0/autolink-0.6.0.jar:/home/highnewb/.m2/repository/com/vladsch/flexmark/flexmark-ext-definition/0.26.4/flexmark-ext-definition-0.26.4.jar:/home/highnewb/.m2/repository/com/vladsch/flexmark/flexmark-ext-emoji/0.26.4/flexmark-ext-emoji-0.26.4.jar:/home/highnewb/.m2/repository/com/vladsch/flexmark/flexmark-ext-escaped-character/0.26.4/flexmark-ext-escaped-character-0.26.4.jar:/home/highnewb/.m2/repository/com/vladsch/flexmark/flexmark-ext-footnotes/0.26.4/flexmark-ext-footnotes-0.26.4.jar:/home/highnewb/.m2/repository/com/vladsch/flexmark/flexmark-ext-gfm-issues/0.26.4/flexmark-ext-gfm-issues-0.26.4.jar:/home/highnewb/.m2/repository/com/vladsch/flexmark/flexmark-ext-gfm-strikethrough/0.26.4/flexmark-ext-gfm-strikethrough-0.26.4.jar:/home/highnewb/.m2/repository/com/vladsch/flexmark/flexmark-ext-gfm-tables/0.26.4/flexmark-ext-gfm-tables-0.26.4.jar:/home/highnewb/.m2/repository/com/vladsch/flexmark/flexmark-ext-gfm-tasklist/0.26.4/flexmark-ext-gfm-tasklist-0.26.4.jar:/home/highnewb/.m2/repository/com/vladsch/flexmark/flexmark-ext-gfm-users/0.26.4/flexmark-ext-gfm-users-0.26.4.jar:/home/highnewb/.m2/repository/com/vladsch/flexmark/flexmark-ext-jekyll-front-matter/0.26.4/flexmark-ext-jekyll-front-matter-0.26.4.jar:/home/highnewb/.m2/repository/com/vladsch/flexmark/flexmark-ext-jekyll-tag/0.26.4/flexmark-ext-jekyll-tag-0.26.4.jar:/home/highnewb/.m2/repository/com/vladsch/flexmark/flexmark-ext-ins/0.26.4/flexmark-ext-ins-0.26.4.jar:/home/highnewb/.m2/repository/com/vladsch/flexmark/flexmark-ext-xwiki-macros/0.26.4/flexmark-ext-xwiki-macros-0.26.4.jar:/home/highnewb/.m2/repository/com/vladsch/flexmark/flexmark-ext-superscript/0.26.4/flexmark-ext-superscript-0.26.4.jar:/home/highnewb/.m2/repository/com/vladsch/flexmark/flexmark-ext-tables/0.26.4/flexmark-ext-tables-0.26.4.jar:/home/highnewb/.m2/repository/com/vladsch/flexmark/flexmark-ext-toc/0.26.4/flexmark-ext-toc-0.26.4.jar:/home/highnewb/.m2/repository/com/vladsch/flexmark/flexmark-ext-typographic/0.26.4/flexmark-ext-typographic-0.26.4.jar:/home/highnewb/.m2/repository/com/vladsch/flexmark/flexmark-ext-wikilink/0.26.4/flexmark-ext-wikilink-0.26.4.jar:/home/highnewb/.m2/repository/com/vladsch/flexmark/flexmark-ext-yaml-front-matter/0.26.4/flexmark-ext-yaml-front-matter-0.26.4.jar:/home/highnewb/.m2/repository/com/vladsch/flexmark/flexmark-formatter/0.26.4/flexmark-formatter-0.26.4.jar:/home/highnewb/.m2/repository/com/vladsch/flexmark/flexmark-html-parser/0.26.4/flexmark-html-parser-0.26.4.jar:/home/highnewb/.m2/repository/com/vladsch/flexmark/flexmark-jira-converter/0.26.4/flexmark-jira-converter-0.26.4.jar:/home/highnewb/.m2/repository/com/vladsch/flexmark/flexmark-pdf-converter/0.26.4/flexmark-pdf-converter-0.26.4.jar:/home/highnewb/.m2/repository/com/openhtmltopdf/openhtmltopdf-core/0.0.1-RC9/openhtmltopdf-core-0.0.1-RC9.jar:/home/highnewb/.m2/repository/com/openhtmltopdf/openhtmltopdf-pdfbox/0.0.1-RC9/openhtmltopdf-pdfbox-0.0.1-RC9.jar:/home/highnewb/.m2/repository/org/apache/pdfbox/pdfbox/2.0.4/pdfbox-2.0.4.jar:/home/highnewb/.m2/repository/org/apache/pdfbox/fontbox/2.0.4/fontbox-2.0.4.jar:/home/highnewb/.m2/repository/com/openhtmltopdf/openhtmltopdf-rtl-support/0.0.1-RC9/openhtmltopdf-rtl-support-0.0.1-RC9.jar:/home/highnewb/.m2/repository/com/ibm/icu/icu4j/58.1/icu4j-58.1.jar:/home/highnewb/.m2/repository/com/openhtmltopdf/openhtmltopdf-jsoup-dom-converter/0.0.1-RC9/openhtmltopdf-jsoup-dom-converter-0.0.1-RC9.jar:/home/highnewb/.m2/repository/com/vladsch/flexmark/flexmark-profile-pegdown/0.26.4/flexmark-profile-pegdown-0.26.4.jar:/home/highnewb/.m2/repository/com/vladsch/flexmark/flexmark-util/0.26.4/flexmark-util-0.26.4.jar:/home/highnewb/.m2/repository/com/vladsch/flexmark/flexmark-youtrack-converter/0.26.4/flexmark-youtrack-converter-0.26.4.jar:/home/highnewb/.m2/repository/net/serenity-bdd/serenity-junit/1.9.9/serenity-junit-1.9.9.jar:/home/highnewb/.m2/repository/net/serenity-bdd/serenity-jbehave/1.9.0/serenity-jbehave-1.9.0.jar:/home/highnewb/.m2/repository/com/googlecode/lambdaj/lambdaj/2.3.3/lambdaj-2.3.3.jar:/home/highnewb/.m2/repository/cglib/cglib-nodep/2.2/cglib-nodep-2.2.jar:/home/highnewb/.m2/repository/de/codecentric/jbehave-junit-runner/1.2.0/jbehave-junit-runner-1.2.0.jar:/home/highnewb/.m2/repository/org/codehaus/groovy/groovy-all/2.4.4/groovy-all-2.4.4.jar:/home/highnewb/.m2/repository/com/thoughtworks/paranamer/paranamer/2.7/paranamer-2.7.jar:/home/highnewb/.m2/repository/org/reflections/reflections/0.9.10/reflections-0.9.10.jar:/home/highnewb/.m2/repository/org/javassist/javassist/3.19.0-GA/javassist-3.19.0-GA.jar:/home/highnewb/.m2/repository/com/google/code/findbugs/annotations/2.0.1/annotations-2.0.1.jar:/home/highnewb/.m2/repository/org/jbehave/jbehave-core/4.0.5/jbehave-core-4.0.5.jar:/home/highnewb/.m2/repository/org/hamcrest/hamcrest-integration/1.3/hamcrest-integration-1.3.jar:/home/highnewb/.m2/repository/commons-lang/commons-lang/2.6/commons-lang-2.6.jar:/home/highnewb/.m2/repository/net/serenity-bdd/serenity-rest-assured/1.9.9/serenity-rest-assured-1.9.9.jar:/home/highnewb/.m2/repository/net/serenity-bdd/serenity-jira-requirements-provider/1.9.0/serenity-jira-requirements-provider-1.9.0.jar:/home/highnewb/.m2/repository/net/serenity-bdd/serenity-jira-plugin/1.9.0/serenity-jira-plugin-1.9.0.jar:/home/highnewb/.m2/repository/org/glassfish/jersey/core/jersey-client/2.25.1/jersey-client-2.25.1.jar:/home/highnewb/.m2/repository/org/glassfish/jersey/core/jersey-common/2.25.1/jersey-common-2.25.1.jar:/home/highnewb/.m2/repository/javax/annotation/javax.annotation-api/1.2/javax.annotation-api-1.2.jar:/home/highnewb/.m2/repository/org/glassfish/jersey/bundles/repackaged/jersey-guava/2.25.1/jersey-guava-2.25.1.jar:/home/highnewb/.m2/repository/org/glassfish/hk2/osgi-resource-locator/1.0.1/osgi-resource-locator-1.0.1.jar:/home/highnewb/.m2/repository/org/glassfish/hk2/hk2-api/2.5.0-b32/hk2-api-2.5.0-b32.jar:/home/highnewb/.m2/repository/org/glassfish/hk2/hk2-utils/2.5.0-b32/hk2-utils-2.5.0-b32.jar:/home/highnewb/.m2/repository/org/glassfish/hk2/external/aopalliance-repackaged/2.5.0-b32/aopalliance-repackaged-2.5.0-b32.jar:/home/highnewb/.m2/repository/org/glassfish/hk2/external/javax.inject/2.5.0-b32/javax.inject-2.5.0-b32.jar:/home/highnewb/.m2/repository/org/glassfish/hk2/hk2-locator/2.5.0-b32/hk2-locator-2.5.0-b32.jar:/home/highnewb/.m2/repository/javax/ws/rs/javax.ws.rs-api/2.0.1/javax.ws.rs-api-2.0.1.jar:/home/highnewb/.m2/repository/net/serenity-bdd/serenity-spring/1.9.9/serenity-spring-1.9.9.jar:/home/highnewb/.m2/repository/org/springframework/spring-context/4.3.10.RELEASE/spring-context-4.3.10.RELEASE.jar:/home/highnewb/.m2/repository/org/springframework/spring-expression/4.3.10.RELEASE/spring-expression-4.3.10.RELEASE.jar:/home/highnewb/.m2/repository/org/springframework/spring-context-support/4.3.10.RELEASE/spring-context-support-4.3.10.RELEASE.jar:/home/highnewb/.m2/repository/net/serenity-bdd/serenity-screenplay/1.9.9/serenity-screenplay-1.9.9.jar:/home/highnewb/.m2/repository/net/serenity-bdd/serenity-screenplay-webdriver/1.9.9/serenity-screenplay-webdriver-1.9.9.jar:/home/highnewb/.m2/repository/org/skyscreamer/jsonassert/1.5.0/jsonassert-1.5.0.jar:/home/highnewb/.m2/repository/com/vaadin/external/google/android-json/0.0.20131108.vaadin1/android-json-0.0.20131108.vaadin1.jar:/home/highnewb/.m2/repository/org/awaitility/awaitility/3.0.0/awaitility-3.0.0.jar:/home/highnewb/.m2/repository/org/awaitility/awaitility-proxy/3.0.0/awaitility-proxy-3.0.0.jar:/home/highnewb/.m2/repository/io/specto/hoverfly-java/0.8.1/hoverfly-java-0.8.1.jar:/home/highnewb/.m2/repository/com/squareup/okhttp3/okhttp/3.8.0/okhttp-3.8.0.jar:/home/highnewb/.m2/repository/com/fasterxml/jackson/core/jackson-databind/2.8.8/jackson-databind-2.8.8.jar:/home/highnewb/.m2/repository/com/fasterxml/jackson/core/jackson-annotations/2.8.0/jackson-annotations-2.8.0.jar:/home/highnewb/.m2/repository/com/fasterxml/jackson/core/jackson-core/2.8.8/jackson-core-2.8.8.jar:/home/highnewb/.m2/repository/com/fasterxml/jackson/datatype/jackson-datatype-jsr310/2.8.8/jackson-datatype-jsr310-2.8.8.jar:/home/highnewb/.m2/repository/com/fasterxml/jackson/dataformat/jackson-dataformat-xml/2.8.8/jackson-dataformat-xml-2.8.8.jar:/home/highnewb/.m2/repository/com/fasterxml/jackson/module/jackson-module-jaxb-annotations/2.8.8/jackson-module-jaxb-annotations-2.8.8.jar:/home/highnewb/.m2/repository/org/codehaus/woodstox/stax2-api/3.1.4/stax2-api-3.1.4.jar:/home/highnewb/.m2/repository/com/fasterxml/woodstox/woodstox-core/5.0.3/woodstox-core-5.0.3.jar:/home/highnewb/.m2/repository/org/zeroturnaround/zt-exec/1.9/zt-exec-1.9.jar:/home/highnewb/.m2/repository/org/springframework/spring-web/4.3.8.RELEASE/spring-web-4.3.8.RELEASE.jar:/home/highnewb/.m2/repository/org/springframework/spring-aop/4.3.8.RELEASE/spring-aop-4.3.8.RELEASE.jar:/home/highnewb/.m2/repository/org/springframework/spring-beans/4.3.8.RELEASE/spring-beans-4.3.8.RELEASE.jar:/home/highnewb/.m2/repository/org/springframework/spring-core/4.3.8.RELEASE/spring-core-4.3.8.RELEASE.jar:/home/highnewb/.m2/repository/io/rest-assured/spring-mock-mvc/4.1.1/spring-mock-mvc-4.1.1.jar:/home/highnewb/.m2/repository/io/rest-assured/rest-assured/4.1.1/rest-assured-4.1.1.jar:/home/highnewb/.m2/repository/org/codehaus/groovy/groovy-xml/2.5.6/groovy-xml-2.5.6.jar:/home/highnewb/.m2/repository/org/hamcrest/hamcrest/2.1/hamcrest-2.1.jar:/home/highnewb/.m2/repository/org/ccil/cowan/tagsoup/tagsoup/1.2.1/tagsoup-1.2.1.jar:/home/highnewb/.m2/repository/io/rest-assured/json-path/4.1.1/json-path-4.1.1.jar:/home/highnewb/.m2/repository/org/codehaus/groovy/groovy-json/2.5.6/groovy-json-2.5.6.jar:/home/highnewb/.m2/repository/io/rest-assured/rest-assured-common/4.1.1/rest-assured-common-4.1.1.jar:/home/highnewb/.m2/repository/io/rest-assured/xml-path/4.1.1/xml-path-4.1.1.jar:/home/highnewb/.m2/repository/javax/xml/bind/jaxb-api/2.3.1/jaxb-api-2.3.1.jar:/home/highnewb/.m2/repository/javax/activation/javax.activation-api/1.2.0/javax.activation-api-1.2.0.jar:/home/highnewb/.m2/repository/com/sun/xml/bind/jaxb-osgi/2.3.0.1/jaxb-osgi-2.3.0.1.jar:/home/highnewb/.m2/repository/org/apache/sling/org.apache.sling.javax.activation/0.1.0/org.apache.sling.javax.activation-0.1.0.jar:/home/highnewb/.m2/repository/javax/activation/activation/1.1.1/activation-1.1.1.jar:/home/highnewb/.m2/repository/io/rest-assured/spring-commons/4.1.1/spring-commons-4.1.1.jar:/home/highnewb/.m2/repository/org/springframework/spring-test/4.3.23.RELEASE/spring-test-4.3.23.RELEASE.jar:/home/highnewb/.m2/repository/org/springframework/spring-webmvc/4.3.23.RELEASE/spring-webmvc-4.3.23.RELEASE.jar:/home/highnewb/.m2/repository/org/assertj/assertj-core/3.6.2/assertj-core-3.6.2.jar:/home/highnewb/.m2/repository/org/hamcrest/java-hamcrest/2.0.0.0/java-hamcrest-2.0.0.0.jar:/home/highnewb/.m2/repository/org/asciidoctor/asciidoctor-maven-plugin/1.5.7.1/asciidoctor-maven-plugin-1.5.7.1.jar:/home/highnewb/.m2/repository/org/jruby/jruby-complete/9.1.17.0/jruby-complete-9.1.17.0.jar:/home/highnewb/.m2/repository/org/apache/maven/maven-plugin-api/3.0.5/maven-plugin-api-3.0.5.jar:/home/highnewb/.m2/repository/org/apache/maven/maven-model/3.0.5/maven-model-3.0.5.jar:/home/highnewb/.m2/repository/org/apache/maven/maven-artifact/3.0.5/maven-artifact-3.0.5.jar:/home/highnewb/.m2/repository/org/sonatype/sisu/sisu-inject-plexus/2.3.0/sisu-inject-plexus-2.3.0.jar:/home/highnewb/.m2/repository/org/sonatype/sisu/sisu-inject-bean/2.3.0/sisu-inject-bean-2.3.0.jar:/home/highnewb/.m2/repository/org/sonatype/sisu/sisu-guice/3.1.0/sisu-guice-3.1.0-no_aop.jar:/home/highnewb/.m2/repository/org/sonatype/sisu/sisu-guava/0.9.9/sisu-guava-0.9.9.jar:/home/highnewb/.m2/repository/org/apache/maven/maven-core/3.0.5/maven-core-3.0.5.jar:/home/highnewb/.m2/repository/org/apache/maven/maven-settings/3.0.5/maven-settings-3.0.5.jar:/home/highnewb/.m2/repository/org/apache/maven/maven-settings-builder/3.0.5/maven-settings-builder-3.0.5.jar:/home/highnewb/.m2/repository/org/apache/maven/maven-repository-metadata/3.0.5/maven-repository-metadata-3.0.5.jar:/home/highnewb/.m2/repository/org/apache/maven/maven-model-builder/3.0.5/maven-model-builder-3.0.5.jar:/home/highnewb/.m2/repository/org/apache/maven/maven-aether-provider/3.0.5/maven-aether-provider-3.0.5.jar:/home/highnewb/.m2/repository/org/sonatype/aether/aether-spi/1.13.1/aether-spi-1.13.1.jar:/home/highnewb/.m2/repository/org/sonatype/aether/aether-impl/1.13.1/aether-impl-1.13.1.jar:/home/highnewb/.m2/repository/org/sonatype/aether/aether-api/1.13.1/aether-api-1.13.1.jar:/home/highnewb/.m2/repository/org/sonatype/aether/aether-util/1.13.1/aether-util-1.13.1.jar:/home/highnewb/.m2/repository/org/codehaus/plexus/plexus-classworlds/2.4/plexus-classworlds-2.4.jar:/home/highnewb/.m2/repository/org/codehaus/plexus/plexus-component-annotations/1.5.5/plexus-component-annotations-1.5.5.jar:/home/highnewb/.m2/repository/org/sonatype/plexus/plexus-sec-dispatcher/1.3/plexus-sec-dispatcher-1.3.jar:/home/highnewb/.m2/repository/org/sonatype/plexus/plexus-cipher/1.4/plexus-cipher-1.4.jar:/home/highnewb/.m2/repository/org/apache/maven/shared/maven-filtering/3.1.1/maven-filtering-3.1.1.jar:/home/highnewb/.m2/repository/org/apache/maven/shared/maven-shared-utils/3.0.0/maven-shared-utils-3.0.0.jar:/home/highnewb/.m2/repository/org/sonatype/plexus/plexus-build-api/0.0.7/plexus-build-api-0.0.7.jar:/home/highnewb/.m2/repository/org/codehaus/plexus/plexus-interpolation/1.22/plexus-interpolation-1.22.jar:/home/highnewb/.m2/repository/org/codehaus/plexus/plexus-utils/3.0.23/plexus-utils-3.0.23.jar:/home/highnewb/.m2/repository/org/asciidoctor/asciidoctorj/1.5.7/asciidoctorj-1.5.7.jar:/home/highnewb/.m2/repository/io/netty/netty-codec-http/4.0.38.Final/netty-codec-http-4.0.38.Final.jar:/home/highnewb/.m2/repository/io/netty/netty-codec/4.0.38.Final/netty-codec-4.0.38.Final.jar:/home/highnewb/.m2/repository/io/netty/netty-transport/4.0.38.Final/netty-transport-4.0.38.Final.jar:/home/highnewb/.m2/repository/io/netty/netty-handler/4.0.38.Final/netty-handler-4.0.38.Final.jar:/home/highnewb/.m2/repository/io/netty/netty-buffer/4.0.38.Final/netty-buffer-4.0.38.Final.jar:/home/highnewb/.m2/repository/io/netty/netty-common/4.0.38.Final/netty-common-4.0.38.Final.jar:/home/highnewb/.m2/repository/org/apache/maven/doxia/doxia-core/1.7/doxia-core-1.7.jar:/home/highnewb/.m2/repository/org/apache/maven/doxia/doxia-sink-api/1.7/doxia-sink-api-1.7.jar:/home/highnewb/.m2/repository/org/apache/maven/doxia/doxia-logging-api/1.7/doxia-logging-api-1.7.jar:/home/highnewb/.m2/repository/org/codehaus/plexus/plexus-container-default/1.0-alpha-30/plexus-container-default-1.0-alpha-30.jar:/home/highnewb/.m2/repository/xmlunit/xmlunit/1.5/xmlunit-1.5.jar:/home/highnewb/.m2/repository/org/apache/maven/doxia/doxia-module-xhtml/1.7/doxia-module-xhtml-1.7.jar:/home/highnewb/.m2/repository/org/slf4j/slf4j-api/1.7.21/slf4j-api-1.7.21.jar:/home/highnewb/.m2/repository/ch/qos/logback/logback-classic/1.1.7/logback-classic-1.1.7.jar:/home/highnewb/.m2/repository/ch/qos/logback/logback-core/1.1.7/logback-core-1.1.7.jar:/home/highnewb/.m2/repository/org/slf4j/jcl-over-slf4j/1.7.21/jcl-over-slf4j-1.7.21.jar:/home/highnewb/.m2/repository/junit/junit/4.12/junit-4.12.jar:/home/highnewb/.m2/repository/org/junit/jupiter/junit-jupiter-engine/5.2.0/junit-jupiter-engine-5.2.0.jar:/home/highnewb/.m2/repository/org/apiguardian/apiguardian-api/1.0.0/apiguardian-api-1.0.0.jar:/home/highnewb/.m2/repository/org/junit/platform/junit-platform-engine/1.2.0/junit-platform-engine-1.2.0.jar:/home/highnewb/.m2/repository/org/junit/jupiter/junit-jupiter-params/5.2.0/junit-jupiter-params-5.2.0.jar:/home/highnewb/.m2/repository/org/junit/jupiter/junit-jupiter-api/5.2.0/junit-jupiter-api-5.2.0.jar:/home/highnewb/.m2/repository/org/opentest4j/opentest4j/1.1.0/opentest4j-1.1.0.jar:/home/highnewb/.m2/repository/org/junit/platform/junit-platform-commons/1.2.0/junit-platform-commons-1.2.0.jar:/home/highnewb/.m2/repository/org/hamcrest/hamcrest-core/1.3/hamcrest-core-1.3.jar:/home/highnewb/.m2/repository/org/hamcrest/hamcrest-library/1.3/hamcrest-library-1.3.jar:/home/highnewb/.m2/repository/org/hamcrest/hamcrest-all/1.3/hamcrest-all-1.3.jar:/home/highnewb/.m2/repository/org/mockito/mockito-core/2.21.0/mockito-core-2.21.0.jar:/home/highnewb/.m2/repository/net/bytebuddy/byte-buddy-agent/1.8.15/byte-buddy-agent-1.8.15.jar:/home/highnewb/.m2/repository/org/apache/maven/surefire/surefire-logger-api/2.21.0/surefire-logger-api-2.21.0.jar:"/>
    <property name="sun.cpu.endian" value="little"/>
    <property name="user.home" value="/home/highnewb"/>
    <property name="user.language" value="fr"/>
    <property name="java.specification.vendor" value="Oracle Corporation"/>
    <property name="java.version.date" value="2019-07-16"/>
    <property name="java.home" value="/usr/lib/jvm/java-11-openjdk-amd64"/>
    <property name="file.separator" value="/"/>
    <property name="basedir" value="/home/highnewb/Cours/Mod_Env/tutorials/libraries-testing"/>
    <property name="java.vm.compressedOopsMode" value="32-bit"/>
    <property name="line.separator" value="&#10;"/>
    <property name="java.specification.name" value="Java Platform API Specification"/>
    <property name="java.vm.specification.vendor" value="Oracle Corporation"/>
    <property name="java.awt.graphicsenv" value="sun.awt.X11GraphicsEnvironment"/>
    <property name="surefire.real.class.path" value="/home/highnewb/Cours/Mod_Env/tutorials/libraries-testing/target/surefire/surefirebooter14147650695796724785.jar"/>
    <property name="sun.management.compiler" value="HotSpot 64-Bit Tiered Compilers"/>
    <property name="java.runtime.version" value="11.0.4+11-post-Ubuntu-1ubuntu218.04.3"/>
    <property name="user.name" value="highnewb"/>
    <property name="path.separator" value=":"/>
    <property name="os.version" value="4.18.0-15-generic"/>
    <property name="java.runtime.name" value="OpenJDK Runtime Environment"/>
    <property name="file.encoding" value="UTF-8"/>
    <property name="java.vm.name" value="OpenJDK 64-Bit Server VM"/>
    <property name="localRepository" value="/home/highnewb/.m2/repository"/>
    <property name="java.vendor.url.bug" value="https://bugs.launchpad.net/ubuntu/+source/openjdk-lts"/>
    <property name="java.io.tmpdir" value="/tmp"/>
    <property name="java.version" value="11.0.4"/>
    <property name="user.dir" value="/home/highnewb/Cours/Mod_Env/tutorials/libraries-testing"/>
    <property name="os.arch" value="amd64"/>
    <property name="java.vm.specification.name" value="Java Virtual Machine Specification"/>
    <property name="java.awt.printerjob" value="sun.print.PSPrinterJob"/>
    <property name="sun.os.patch.level" value="unknown"/>
    <property name="java.library.path" value="/usr/java/packages/lib:/usr/lib/x86_64-linux-gnu/jni:/lib/x86_64-linux-gnu:/usr/lib/x86_64-linux-gnu:/usr/lib/jni:/lib:/usr/lib"/>
    <property name="java.vendor" value="Ubuntu"/>
    <property name="java.vm.info" value="mixed mode, sharing"/>
    <property name="java.vm.version" value="11.0.4+11-post-Ubuntu-1ubuntu218.04.3"/>
    <property name="sun.io.unicode.encoding" value="UnicodeLittle"/>
    <property name="java.class.version" value="55.0"/>
  </properties>
  <testcase name="given2Classes_whenOneInheritsFromOther_thenCorrect" classname="com.baeldung.hamcrest.HamcrestMatcherUnitTest" time="0.001"/>
  <testcase name="givenString_whenEmptyOrNull_thenCorrect" classname="com.baeldung.hamcrest.HamcrestMatcherUnitTest" time="0"/>
  <testcase name="given2Strings_whenEqualRegardlessWhiteSpace_thenCorrect" classname="com.baeldung.hamcrest.HamcrestMatcherUnitTest" time="0"/>
  <testcase name="givenArray_whenChecksSize_thenCorrect" classname="com.baeldung.hamcrest.HamcrestMatcherUnitTest" time="0"/>
  <testcase name="given2Objects_whenSameInstance_thenCorrect" classname="com.baeldung.hamcrest.HamcrestMatcherUnitTest" time="0.001"/>
  <testcase name="givenBean_whenToStringReturnsRequiredString_thenCorrect" classname="com.baeldung.hamcrest.HamcrestMatcherUnitTest" time="0.004"/>
  <testcase name="givenAList_whenChecksSize_thenCorrect" classname="com.baeldung.hamcrest.HamcrestMatcherUnitTest" time="0.002"/>
  <testcase name="givenAnInteger_whenGreaterThan0_thenCorrect" classname="com.baeldung.hamcrest.HamcrestMatcherUnitTest" time="0.007"/>
  <testcase name="givenString_whenContainsGivenSubstring_thenCorrect" classname="com.baeldung.hamcrest.HamcrestMatcherUnitTest" time="0.003"/>
  <testcase name="given2Strings_whenIsEqual_thenCorrect" classname="com.baeldung.hamcrest.HamcrestMatcherUnitTest" time="0.002"/>
  <testcase name="givenList_whenEachElementGreaterThan0_thenCorrect" classname="com.baeldung.hamcrest.HamcrestMatcherUnitTest" time="0"/>
  <testcase name="givenBean_whenHasCorrectValue_thenCorrect" classname="com.baeldung.hamcrest.HamcrestMatcherUnitTest" time="0.494"/>
  <testcase name="givenAString_whenStartsWithAnotherGivenString_thenCorrect" classname="com.baeldung.hamcrest.HamcrestMatcherUnitTest" time="0.002"/>
  <testcase name="givenAStrings_whenContainsAnotherGivenString_thenCorrect" classname="com.baeldung.hamcrest.HamcrestMatcherUnitTest" time="0.002"/>
  <testcase name="givenArrayAndValues_whenValuesFoundInArrayInOrder_thenCorrect" classname="com.baeldung.hamcrest.HamcrestMatcherUnitTest" time="0.005"/>
  <testcase name="givenValueAndArray_whenValueIsOneOfArrayElements_thenCorrect" classname="com.baeldung.hamcrest.HamcrestMatcherUnitTest" time="0.002"/>
  <testcase name="givenArrayAndValue_whenValueFoundInArray_thenCorrect" classname="com.baeldung.hamcrest.HamcrestMatcherUnitTest" time="0.001"/>
  <testcase name="given2Strings_whenIsEqualRegardlessWhiteSpace_thenCorrect" classname="com.baeldung.hamcrest.HamcrestMatcherUnitTest" time="0"/>
  <testcase name="givenAnInteger_whenGreaterThanOrEqTo5_thenCorrect" classname="com.baeldung.hamcrest.HamcrestMatcherUnitTest" time="0.002"/>
  <testcase name="given2Strings_whenIsNotEqualRegardlessWhiteSpace_thenCorrect" classname="com.baeldung.hamcrest.HamcrestMatcherUnitTest" time="0"/>
  <testcase name="givenCollection_whenEmpty_thenCorrect" classname="com.baeldung.hamcrest.HamcrestMatcherUnitTest" time="0.001"/>
  <testcase name="given2Strings_whenEqual_thenCorrect" classname="com.baeldung.hamcrest.HamcrestMatcherUnitTest" time="0.001"/>
  <testcase name="given2Strings_whenNotEqual_thenCorrect" classname="com.baeldung.hamcrest.HamcrestMatcherUnitTest" time="0.001"/>
  <testcase name="givenBean_whenHasValue_thenCorrect" classname="com.baeldung.hamcrest.HamcrestMatcherUnitTest" time="0.001"/>
  <testcase name="givenMapAndValue_whenValueFoundInMap_thenCorrect" classname="com.baeldung.hamcrest.HamcrestMatcherUnitTest" time="0.002"/>
  <testcase name="givenAnObject_whenInstanceOfGivenClass_thenCorrect" classname="com.baeldung.hamcrest.HamcrestMatcherUnitTest" time="0.002"/>
  <testcase name="givenAListAndValues_whenChecksListForGivenValues_thenCorrect" classname="com.baeldung.hamcrest.HamcrestMatcherUnitTest" time="0.003"/>
  <testcase name="givenString_whenMeetsAllOfGivenConditions_thenCorrect" classname="com.baeldung.hamcrest.HamcrestMatcherUnitTest" time="0.002"/>
  <testcase name="givenArrayAndValues_whenValuesFoundInArray_thenCorrect" classname="com.baeldung.hamcrest.HamcrestMatcherUnitTest" time="0.002"/>
  <testcase name="givenAString_whenEndsWithAnotherGivenString_thenCorrect" classname="com.baeldung.hamcrest.HamcrestMatcherUnitTest" time="0.001"/>
  <testcase name="givenAListAndValues_whenChecksListForGivenValuesWithOrder_thenCorrect" classname="com.baeldung.hamcrest.HamcrestMatcherUnitTest" time="0.002"/>
  <testcase name="givenADouble_whenCloseTo_thenCorrect" classname="com.baeldung.hamcrest.HamcrestMatcherUnitTest" time="0.002"/>
  <testcase name="givenMapAndKey_whenKeyFoundInMap_thenCorrect" classname="com.baeldung.hamcrest.HamcrestMatcherUnitTest" time="0"/>
  <testcase name="givenMapAndEntry_whenEntryFoundInMap_thenCorrect" classname="com.baeldung.hamcrest.HamcrestMatcherUnitTest" time="0"/>
  <testcase name="givenString_whenMeetsAnyOfGivenConditions_thenCorrect" classname="com.baeldung.hamcrest.HamcrestMatcherUnitTest" time="0"/>
  <testcase name="given2Beans_whenHavingSameValues_thenCorrect" classname="com.baeldung.hamcrest.HamcrestMatcherUnitTest" time="0.011"/>
  <testcase name="givenValueAndArray_whenValueFoundInArray_thenCorrect" classname="com.baeldung.hamcrest.HamcrestMatcherUnitTest" time="0.001"/>
  <testcase name="givenString_whenEmpty_thenCorrect" classname="com.baeldung.hamcrest.HamcrestMatcherUnitTest" time="0.001"/>
  <testcase name="givenAnInteger_whenLessThan0_thenCorrect" classname="com.baeldung.hamcrest.HamcrestMatcherUnitTest" time="0.001"/>
  <testcase name="givenInteger_whenAPositiveValue_thenCorrect" classname="com.baeldung.hamcrest.HamcrestMatcherUnitTest" time="0.001"/>
  <testcase name="givenAnInteger_whenLessThanOrEqTo5_thenCorrect" classname="com.baeldung.hamcrest.HamcrestMatcherUnitTest" time="0"/>
  <testcase name="givenString_whenNotNull_thenCorrect" classname="com.baeldung.hamcrest.HamcrestMatcherUnitTest" time="0.001"/>
</testsuite>