<?xml version="1.0" encoding="UTF-8"?>
<testsuite name="com.baeldung.serenity.GoogleSearchScreenplayLiveTest" time="0.194" tests="1" errors="0" skipped="0" failures="1">
  <properties>
    <property name="java.runtime.name" value="OpenJDK Runtime Environment"/>
    <property name="java.vm.version" value="11.0.4+11-post-Ubuntu-1ubuntu218.04.3"/>
    <property name="sun.boot.library.path" value="/usr/lib/jvm/java-11-openjdk-amd64/lib"/>
    <property name="maven.multiModuleProjectDirectory" value="/home/highnewb/Cours/Mod_Env/tutorials/libraries-testing"/>
    <property name="java.vm.vendor" value="Ubuntu"/>
    <property name="java.vendor.url" value="https://ubuntu.com/"/>
    <property name="guice.disable.misplaced.annotation.check" value="true"/>
    <property name="path.separator" value=":"/>
    <property name="java.vm.name" value="OpenJDK 64-Bit Server VM"/>
    <property name="sun.os.patch.level" value="unknown"/>
    <property name="user.country" value="FR"/>
    <property name="sun.java.launcher" value="SUN_STANDARD"/>
    <property name="java.vm.specification.name" value="Java Virtual Machine Specification"/>
    <property name="user.dir" value="/home/highnewb/Cours/Mod_Env/tutorials/libraries-testing"/>
    <property name="java.vm.compressedOopsMode" value="32-bit"/>
    <property name="java.runtime.version" value="11.0.4+11-post-Ubuntu-1ubuntu218.04.3"/>
    <property name="java.awt.graphicsenv" value="sun.awt.X11GraphicsEnvironment"/>
    <property name="os.arch" value="amd64"/>
    <property name="java.io.tmpdir" value="/tmp"/>
    <property name="line.separator" value="&#10;"/>
    <property name="java.vm.specification.vendor" value="Oracle Corporation"/>
    <property name="os.name" value="Linux"/>
    <property name="classworlds.conf" value="/usr/share/maven/bin/m2.conf"/>
    <property name="sun.jnu.encoding" value="UTF-8"/>
    <property name="java.library.path" value="/usr/java/packages/lib:/usr/lib/x86_64-linux-gnu/jni:/lib/x86_64-linux-gnu:/usr/lib/x86_64-linux-gnu:/usr/lib/jni:/lib:/usr/lib"/>
    <property name="jdk.debug" value="release"/>
    <property name="java.class.version" value="55.0"/>
    <property name="java.specification.name" value="Java Platform API Specification"/>
    <property name="sun.management.compiler" value="HotSpot 64-Bit Tiered Compilers"/>
    <property name="os.version" value="4.18.0-15-generic"/>
    <property name="user.home" value="/home/highnewb"/>
    <property name="user.timezone" value="Europe/Paris"/>
    <property name="java.awt.printerjob" value="sun.print.PSPrinterJob"/>
    <property name="file.encoding" value="UTF-8"/>
    <property name="java.specification.version" value="11"/>
    <property name="user.name" value="highnewb"/>
    <property name="java.class.path" value="/usr/share/maven/boot/plexus-classworlds-2.x.jar"/>
    <property name="java.vm.specification.version" value="11"/>
    <property name="sun.arch.data.model" value="64"/>
    <property name="sun.java.command" value="org.codehaus.plexus.classworlds.launcher.Launcher clean package"/>
    <property name="java.home" value="/usr/lib/jvm/java-11-openjdk-amd64"/>
    <property name="user.language" value="fr"/>
    <property name="java.specification.vendor" value="Oracle Corporation"/>
    <property name="awt.toolkit" value="sun.awt.X11.XToolkit"/>
    <property name="java.vm.info" value="mixed mode, sharing"/>
    <property name="java.version" value="11.0.4"/>
    <property name="securerandom.source" value="file:/dev/./urandom"/>
    <property name="java.vendor" value="Ubuntu"/>
    <property name="maven.home" value="/usr/share/maven"/>
    <property name="file.separator" value="/"/>
    <property name="java.version.date" value="2019-07-16"/>
    <property name="java.vendor.url.bug" value="https://bugs.launchpad.net/ubuntu/+source/openjdk-lts"/>
    <property name="sun.io.unicode.encoding" value="UnicodeLittle"/>
    <property name="sun.cpu.endian" value="little"/>
    <property name="sun.cpu.isalist" value=""/>
  </properties>
  <testcase name="whenGoogleBaeldungThenShouldSeeEugen" classname="com.baeldung.serenity.GoogleSearchScreenplayLiveTest" time="0.194">
    <failure message="The page object class com.baeldung.serenity.screenplay.GoogleSearchPage looks dodgy:&#10;This page object does not appear have a constructor that takes a WebDriver parameter" type="net.thucydides.core.pages.WrongPageError">net.thucydides.core.pages.WrongPageError: The page object class com.baeldung.serenity.screenplay.GoogleSearchPage looks dodgy:
This page object does not appear have a constructor that takes a WebDriver parameter
	at net.thucydides.core.pages.Pages.thisPageObjectLooksDodgy(Pages.java:293)
	at net.thucydides.core.pages.Pages.getCurrentPageOfType(Pages.java:215)
	at net.thucydides.core.pages.Pages.getPage(Pages.java:90)
	at net.thucydides.core.steps.PageObjectDependencyInjector.instantiatePageObjectIfNotAssigned(PageObjectDependencyInjector.java:55)
	at net.thucydides.core.steps.PageObjectDependencyInjector.injectDependenciesInto(PageObjectDependencyInjector.java:33)
	at net.thucydides.core.steps.StepFactory.injectOtherDependenciesInto(StepFactory.java:173)
	at net.thucydides.core.steps.StepFactory.instantiateUniqueStepLibraryFor(StepFactory.java:190)
	at net.thucydides.core.steps.StepFactory.getUniqueStepLibraryFor(StepFactory.java:122)
	at net.serenitybdd.screenplay.Tasks.instrumented(Tasks.java:12)
	at com.baeldung.serenity.screenplay.StartWith.googleSearchPage(StartWith.java:13)
	at com.baeldung.serenity.GoogleSearchScreenplayLiveTest.whenGoogleBaeldungThenShouldSeeEugen(GoogleSearchScreenplayLiveTest.java:37)
</failure>
    <system-out><![CDATA[15:46:27.344 [main] INFO net.serenitybdd.core.Serenity - 
        __    _____ _____ ____ _____   ____   _    ____  ____  _____ ____  
  _     \ \  |_   _| ____/ ___|_   _| |  _ \ / \  / ___|/ ___|| ____|  _ \ 
 (_)_____| |   | | |  _| \___ \ | |   | |_) / _ \ \___ \\___ \|  _| | | | |
  _|_____| |   | | | |___ ___) || |   |  __/ ___ \ ___) |___) | |___| |_| |
 (_)     | |   |_| |_____|____/ |_|   |_| /_/   \_\____/|____/|_____|____/ 
        /_/                                                                

TEST PASSED: Given number when add then summed up
----------------------------------------------------------------------------
15:46:27.344 [main] INFO com.baeldung.serenity.spring.AdderMethodRuleIntegrationTest - static adder after test class: 4
15:46:27.345 [main] DEBUG net.thucydides.core.reports.ReportService - Reporting formats: [JSON, HTML]
15:46:27.346 [main] DEBUG net.thucydides.core.reports.ReportService - Found reporter: net.thucydides.core.reports.xml.XMLTestOutcomeReporter@57df09a7(format = Optional[XML])
15:46:27.346 [main] DEBUG net.thucydides.core.reports.ReportService - Found reporter: net.thucydides.core.reports.json.JSONTestOutcomeReporter@6aa9a93b(format = Optional[JSON])
15:46:27.346 [main] DEBUG net.thucydides.core.reports.ReportService - Registering reporter: net.thucydides.core.reports.json.JSONTestOutcomeReporter@6aa9a93b
15:46:27.346 [main] DEBUG net.thucydides.core.reports.ReportService - Found reporter: net.thucydides.core.reports.html.HtmlAcceptanceTestReporter@81dfdee(format = Optional[HTML])
15:46:27.347 [main] DEBUG net.thucydides.core.reports.ReportService - Registering reporter: net.thucydides.core.reports.html.HtmlAcceptanceTestReporter@81dfdee
15:46:27.347 [main] DEBUG net.thucydides.core.reports.ReportService - Reporting formats: [JSON, HTML]
15:46:27.348 [main] DEBUG net.thucydides.core.reports.ReportService - Generating reports for 1 test outcomes using: net.thucydides.core.reports.json.JSONTestOutcomeReporter@6aa9a93b
15:46:27.348 [main] DEBUG net.thucydides.core.reports.junit.JUnitXMLOutcomeReporter - GENERATING JUNIT REPORTS
15:46:27.348 [pool-26-thread-1] DEBUG net.thucydides.core.reports.ReportService - Processing test outcome Adder method rule integration test:givenNumber_whenAdd_thenSummedUp
15:46:27.348 [pool-26-thread-1] DEBUG net.thucydides.core.reports.ReportService - net.thucydides.core.reports.json.JSONTestOutcomeReporter@6aa9a93b: Generating report for test outcome: Adder method rule integration test:givenNumber_whenAdd_thenSummedUp
15:46:27.349 [pool-26-thread-1] DEBUG net.thucydides.core.reports.json.JSONTestOutcomeReporter - Generating JSON report for Given number when add then summed up to file /home/highnewb/Cours/Mod_Env/tutorials/libraries-testing/target/site/serenity/b5d8dfea8eb41e2cad97c3d2135ae56bd6d29364440de4dffa20cc69eef3b524.json (using temp file /home/highnewb/Cours/Mod_Env/tutorials/libraries-testing/target/site/serenity/b5d8dfea8eb41e2cad97c3d2135ae56bd6d29364440de4dffa20cc69eef3b524.jsonef19ece5-9d3d-4282-955d-5c3c0c30d476)
15:46:27.351 [pool-26-thread-1] DEBUG net.thucydides.core.reports.ReportService - Processing test outcome Adder method rule integration test:givenNumber_whenAdd_thenSummedUp done
15:46:27.354 [main] DEBUG net.thucydides.core.reports.ReportService - Shutting down executor service
15:46:27.354 [main] DEBUG net.thucydides.core.reports.ReportService - Reports generated in: 6 ms
15:46:27.354 [main] DEBUG net.thucydides.core.reports.ReportService - Generating reports for 1 test outcomes using: net.thucydides.core.reports.html.HtmlAcceptanceTestReporter@81dfdee
15:46:27.358 [main] DEBUG net.thucydides.core.reports.junit.JUnitXMLOutcomeReporter - GENERATING JUNIT REPORTS
15:46:27.358 [pool-27-thread-1] DEBUG net.thucydides.core.reports.ReportService - Processing test outcome Adder method rule integration test:givenNumber_whenAdd_thenSummedUp
15:46:27.358 [pool-27-thread-1] DEBUG net.thucydides.core.reports.ReportService - net.thucydides.core.reports.html.HtmlAcceptanceTestReporter@81dfdee: Generating report for test outcome: Adder method rule integration test:givenNumber_whenAdd_thenSummedUp
15:46:27.358 [pool-27-thread-1] DEBUG net.thucydides.core.reports.html.HtmlAcceptanceTestReporter - GENERATE TEST OUTCOME REPORT FOR givenNumber_whenAdd_thenSummedUp in b5d8dfea8eb41e2cad97c3d2135ae56bd6d29364440de4dffa20cc69eef3b524
15:46:27.358 [pool-27-thread-1] DEBUG net.thucydides.core.requirements.RequirementsTagProvider - Requirements found:[]
15:46:27.358 [pool-27-thread-1] DEBUG net.serenitybdd.plugins.jira.requirements.JIRARequirementsProvider - Find parent requirement in JIRA for Given number when add then summed up
15:46:27.359 [pool-27-thread-1] DEBUG net.serenitybdd.plugins.jira.requirements.JIRARequirementsProvider - Find parent requirement in JIRA for Given number when add then summed up
15:46:27.359 [pool-27-thread-1] DEBUG net.serenitybdd.plugins.jira.requirements.JIRARequirementsProvider - Find parent requirement in JIRA for Given number when add then summed up
15:46:27.361 [pool-27-thread-1] DEBUG net.thucydides.core.reports.html.HtmlAcceptanceTestReporter - GENERATING HTML REPORT FOR Adder method rule integration test:givenNumber_whenAdd_thenSummedUp in b5d8dfea8eb41e2cad97c3d2135ae56bd6d29364440de4dffa20cc69eef3b524.html in directory target/site/serenity  
15:46:27.361 [pool-27-thread-1] DEBUG net.thucydides.core.reports.html.HtmlAcceptanceTestReporter - Generating report in b5d8dfea8eb41e2cad97c3d2135ae56bd6d29364440de4dffa20cc69eef3b524.html
15:46:27.379 [pool-27-thread-1] DEBUG net.thucydides.core.reports.html.HtmlAcceptanceTestReporter - Generated report b5d8dfea8eb41e2cad97c3d2135ae56bd6d29364440de4dffa20cc69eef3b524.html in 18 ms
15:46:27.379 [pool-27-thread-1] DEBUG net.thucydides.core.reports.ReportService - Processing test outcome Adder method rule integration test:givenNumber_whenAdd_thenSummedUp done
15:46:27.379 [main] DEBUG net.thucydides.core.reports.ReportService - Shutting down executor service
15:46:27.379 [main] DEBUG net.thucydides.core.reports.ReportService - Reports generated in: 25 ms
15:46:27.380 [main] DEBUG net.thucydides.core.reports.ReportService - Generating report for configuration
15:46:27.395 [main] DEBUG net.thucydides.core.steps.StepEventBus - Test suite started for class com.baeldung.serenity.GoogleSearchScreenplayLiveTest
15:46:27.396 [main] INFO net.serenitybdd.core.Serenity - Test Suite Started: Google search screenplay live test
15:46:27.397 [main] INFO net.serenitybdd.core.Serenity - 
 _____ _____ ____ _____   ____ _____  _    ____ _____ _____ ____  
|_   _| ____/ ___|_   _| / ___|_   _|/ \  |  _ \_   _| ____|  _ \ 
  | | |  _| \___ \ | |   \___ \ | | / _ \ | |_) || | |  _| | | | |
  | | | |___ ___) || |    ___) || |/ ___ \|  _ < | | | |___| |_| |
  |_| |_____|____/ |_|   |____/ |_/_/   \_\_| \_\|_| |_____|____/ 
                                                                  

TEST STARTED: whenGoogleBaeldungThenShouldSeeEugen
-------------------------------------------------------------------
15:46:27.397 [main] INFO net.serenitybdd.core.Serenity - TEST NUMBER: 21
15:46:27.587 [main] WARN net.thucydides.core.pages.Pages - This page object does not appear have a constructor that takes a WebDriver parameter: class com.baeldung.serenity.screenplay.GoogleSearchPage (com.baeldung.serenity.screenplay.GoogleSearchPage.<init>(org.openqa.selenium.WebDriver))
]]></system-out>
  </testcase>
</testsuite>