<?xml version="1.0" encoding="UTF-8"?>
<testsuite name="com.baeldung.hamcrest.HamcrestMatcherUnitTest" time="0.041" tests="42" errors="0" skipped="0" failures="0">
  <properties>
    <property name="java.runtime.name" value="OpenJDK Runtime Environment"/>
    <property name="java.vm.version" value="11.0.4+11-post-Ubuntu-1ubuntu218.04.3"/>
    <property name="sun.boot.library.path" value="/usr/lib/jvm/java-11-openjdk-amd64/lib"/>
    <property name="maven.multiModuleProjectDirectory" value="/home/highnewb/Cours/Mod_Env/tutorials/libraries-testing"/>
    <property name="java.vm.vendor" value="Ubuntu"/>
    <property name="java.vendor.url" value="https://ubuntu.com/"/>
    <property name="guice.disable.misplaced.annotation.check" value="true"/>
    <property name="path.separator" value=":"/>
    <property name="java.vm.name" value="OpenJDK 64-Bit Server VM"/>
    <property name="sun.os.patch.level" value="unknown"/>
    <property name="user.country" value="FR"/>
    <property name="sun.java.launcher" value="SUN_STANDARD"/>
    <property name="java.vm.specification.name" value="Java Virtual Machine Specification"/>
    <property name="user.dir" value="/home/highnewb/Cours/Mod_Env/tutorials/libraries-testing"/>
    <property name="java.vm.compressedOopsMode" value="32-bit"/>
    <property name="java.runtime.version" value="11.0.4+11-post-Ubuntu-1ubuntu218.04.3"/>
    <property name="java.awt.graphicsenv" value="sun.awt.X11GraphicsEnvironment"/>
    <property name="os.arch" value="amd64"/>
    <property name="java.io.tmpdir" value="/tmp"/>
    <property name="line.separator" value="&#10;"/>
    <property name="java.vm.specification.vendor" value="Oracle Corporation"/>
    <property name="os.name" value="Linux"/>
    <property name="classworlds.conf" value="/usr/share/maven/bin/m2.conf"/>
    <property name="sun.jnu.encoding" value="UTF-8"/>
    <property name="java.library.path" value="/usr/java/packages/lib:/usr/lib/x86_64-linux-gnu/jni:/lib/x86_64-linux-gnu:/usr/lib/x86_64-linux-gnu:/usr/lib/jni:/lib:/usr/lib"/>
    <property name="jdk.debug" value="release"/>
    <property name="java.class.version" value="55.0"/>
    <property name="java.specification.name" value="Java Platform API Specification"/>
    <property name="sun.management.compiler" value="HotSpot 64-Bit Tiered Compilers"/>
    <property name="os.version" value="4.18.0-15-generic"/>
    <property name="user.home" value="/home/highnewb"/>
    <property name="user.timezone" value="Europe/Paris"/>
    <property name="java.awt.printerjob" value="sun.print.PSPrinterJob"/>
    <property name="file.encoding" value="UTF-8"/>
    <property name="java.specification.version" value="11"/>
    <property name="user.name" value="highnewb"/>
    <property name="java.class.path" value="/usr/share/maven/boot/plexus-classworlds-2.x.jar"/>
    <property name="java.vm.specification.version" value="11"/>
    <property name="sun.arch.data.model" value="64"/>
    <property name="sun.java.command" value="org.codehaus.plexus.classworlds.launcher.Launcher clean package"/>
    <property name="java.home" value="/usr/lib/jvm/java-11-openjdk-amd64"/>
    <property name="user.language" value="fr"/>
    <property name="java.specification.vendor" value="Oracle Corporation"/>
    <property name="awt.toolkit" value="sun.awt.X11.XToolkit"/>
    <property name="java.vm.info" value="mixed mode, sharing"/>
    <property name="java.version" value="11.0.4"/>
    <property name="securerandom.source" value="file:/dev/./urandom"/>
    <property name="java.vendor" value="Ubuntu"/>
    <property name="maven.home" value="/usr/share/maven"/>
    <property name="file.separator" value="/"/>
    <property name="java.version.date" value="2019-07-16"/>
    <property name="java.vendor.url.bug" value="https://bugs.launchpad.net/ubuntu/+source/openjdk-lts"/>
    <property name="sun.io.unicode.encoding" value="UnicodeLittle"/>
    <property name="sun.cpu.endian" value="little"/>
    <property name="sun.cpu.isalist" value=""/>
  </properties>
  <testcase name="given2Classes_whenOneInheritsFromOther_thenCorrect" classname="com.baeldung.hamcrest.HamcrestMatcherUnitTest" time="0.003"/>
  <testcase name="givenString_whenEmptyOrNull_thenCorrect" classname="com.baeldung.hamcrest.HamcrestMatcherUnitTest" time="0.002"/>
  <testcase name="given2Strings_whenEqualRegardlessWhiteSpace_thenCorrect" classname="com.baeldung.hamcrest.HamcrestMatcherUnitTest" time="0.001"/>
  <testcase name="givenArray_whenChecksSize_thenCorrect" classname="com.baeldung.hamcrest.HamcrestMatcherUnitTest" time="0.003"/>
  <testcase name="given2Objects_whenSameInstance_thenCorrect" classname="com.baeldung.hamcrest.HamcrestMatcherUnitTest" time="0"/>
  <testcase name="givenBean_whenToStringReturnsRequiredString_thenCorrect" classname="com.baeldung.hamcrest.HamcrestMatcherUnitTest" time="0.001"/>
  <testcase name="givenAList_whenChecksSize_thenCorrect" classname="com.baeldung.hamcrest.HamcrestMatcherUnitTest" time="0.001"/>
  <testcase name="givenAnInteger_whenGreaterThan0_thenCorrect" classname="com.baeldung.hamcrest.HamcrestMatcherUnitTest" time="0.003"/>
  <testcase name="givenString_whenContainsGivenSubstring_thenCorrect" classname="com.baeldung.hamcrest.HamcrestMatcherUnitTest" time="0.001"/>
  <testcase name="given2Strings_whenIsEqual_thenCorrect" classname="com.baeldung.hamcrest.HamcrestMatcherUnitTest" time="0.001"/>
  <testcase name="givenList_whenEachElementGreaterThan0_thenCorrect" classname="com.baeldung.hamcrest.HamcrestMatcherUnitTest" time="0.001"/>
  <testcase name="givenBean_whenHasCorrectValue_thenCorrect" classname="com.baeldung.hamcrest.HamcrestMatcherUnitTest" time="0.007"/>
  <testcase name="givenAString_whenStartsWithAnotherGivenString_thenCorrect" classname="com.baeldung.hamcrest.HamcrestMatcherUnitTest" time="0.001"/>
  <testcase name="givenAStrings_whenContainsAnotherGivenString_thenCorrect" classname="com.baeldung.hamcrest.HamcrestMatcherUnitTest" time="0.001"/>
  <testcase name="givenArrayAndValues_whenValuesFoundInArrayInOrder_thenCorrect" classname="com.baeldung.hamcrest.HamcrestMatcherUnitTest" time="0.003"/>
  <testcase name="givenValueAndArray_whenValueIsOneOfArrayElements_thenCorrect" classname="com.baeldung.hamcrest.HamcrestMatcherUnitTest" time="0.001"/>
  <testcase name="givenArrayAndValue_whenValueFoundInArray_thenCorrect" classname="com.baeldung.hamcrest.HamcrestMatcherUnitTest" time="0.001"/>
  <testcase name="given2Strings_whenIsEqualRegardlessWhiteSpace_thenCorrect" classname="com.baeldung.hamcrest.HamcrestMatcherUnitTest" time="0"/>
  <testcase name="givenAnInteger_whenGreaterThanOrEqTo5_thenCorrect" classname="com.baeldung.hamcrest.HamcrestMatcherUnitTest" time="0"/>
  <testcase name="given2Strings_whenIsNotEqualRegardlessWhiteSpace_thenCorrect" classname="com.baeldung.hamcrest.HamcrestMatcherUnitTest" time="0.001"/>
  <testcase name="givenCollection_whenEmpty_thenCorrect" classname="com.baeldung.hamcrest.HamcrestMatcherUnitTest" time="0.001"/>
  <testcase name="given2Strings_whenEqual_thenCorrect" classname="com.baeldung.hamcrest.HamcrestMatcherUnitTest" time="0.001"/>
  <testcase name="given2Strings_whenNotEqual_thenCorrect" classname="com.baeldung.hamcrest.HamcrestMatcherUnitTest" time="0"/>
  <testcase name="givenBean_whenHasValue_thenCorrect" classname="com.baeldung.hamcrest.HamcrestMatcherUnitTest" time="0.001"/>
  <testcase name="givenMapAndValue_whenValueFoundInMap_thenCorrect" classname="com.baeldung.hamcrest.HamcrestMatcherUnitTest" time="0.002"/>
  <testcase name="givenAnObject_whenInstanceOfGivenClass_thenCorrect" classname="com.baeldung.hamcrest.HamcrestMatcherUnitTest" time="0.001"/>
  <testcase name="givenAListAndValues_whenChecksListForGivenValues_thenCorrect" classname="com.baeldung.hamcrest.HamcrestMatcherUnitTest" time="0.001"/>
  <testcase name="givenString_whenMeetsAllOfGivenConditions_thenCorrect" classname="com.baeldung.hamcrest.HamcrestMatcherUnitTest" time="0"/>
  <testcase name="givenArrayAndValues_whenValuesFoundInArray_thenCorrect" classname="com.baeldung.hamcrest.HamcrestMatcherUnitTest" time="0"/>
  <testcase name="givenAString_whenEndsWithAnotherGivenString_thenCorrect" classname="com.baeldung.hamcrest.HamcrestMatcherUnitTest" time="0"/>
  <testcase name="givenAListAndValues_whenChecksListForGivenValuesWithOrder_thenCorrect" classname="com.baeldung.hamcrest.HamcrestMatcherUnitTest" time="0"/>
  <testcase name="givenADouble_whenCloseTo_thenCorrect" classname="com.baeldung.hamcrest.HamcrestMatcherUnitTest" time="0"/>
  <testcase name="givenMapAndKey_whenKeyFoundInMap_thenCorrect" classname="com.baeldung.hamcrest.HamcrestMatcherUnitTest" time="0"/>
  <testcase name="givenMapAndEntry_whenEntryFoundInMap_thenCorrect" classname="com.baeldung.hamcrest.HamcrestMatcherUnitTest" time="0"/>
  <testcase name="givenString_whenMeetsAnyOfGivenConditions_thenCorrect" classname="com.baeldung.hamcrest.HamcrestMatcherUnitTest" time="0"/>
  <testcase name="given2Beans_whenHavingSameValues_thenCorrect" classname="com.baeldung.hamcrest.HamcrestMatcherUnitTest" time="0.001"/>
  <testcase name="givenValueAndArray_whenValueFoundInArray_thenCorrect" classname="com.baeldung.hamcrest.HamcrestMatcherUnitTest" time="0"/>
  <testcase name="givenString_whenEmpty_thenCorrect" classname="com.baeldung.hamcrest.HamcrestMatcherUnitTest" time="0"/>
  <testcase name="givenAnInteger_whenLessThan0_thenCorrect" classname="com.baeldung.hamcrest.HamcrestMatcherUnitTest" time="0"/>
  <testcase name="givenInteger_whenAPositiveValue_thenCorrect" classname="com.baeldung.hamcrest.HamcrestMatcherUnitTest" time="0.001"/>
  <testcase name="givenAnInteger_whenLessThanOrEqTo5_thenCorrect" classname="com.baeldung.hamcrest.HamcrestMatcherUnitTest" time="0"/>
  <testcase name="givenString_whenNotNull_thenCorrect" classname="com.baeldung.hamcrest.HamcrestMatcherUnitTest" time="0"/>
</testsuite>